{"numTotalTestSuites":204,"numPassedTestSuites":112,"numFailedTestSuites":92,"numPendingTestSuites":0,"numTotalTests":481,"numPassedTests":326,"numFailedTests":155,"numPendingTests":0,"numTodoTests":0,"snapshot":{"added":0,"failure":false,"filesAdded":0,"filesRemoved":0,"filesRemovedList":[],"filesUnmatched":0,"filesUpdated":0,"matched":0,"total":0,"unchecked":0,"uncheckedKeysByFile":[],"unmatched":0,"updated":0,"didUpdate":false},"startTime":1753571773724,"success":false,"testResults":[{"assertionResults":[{"ancestorTitles":["Token-2022 Core Features","Transfer Fee Calculations"],"fullName":"Token-2022 Core Features Transfer Fee Calculations should calculate basic transfer fees correctly","status":"passed","title":"should calculate basic transfer fees correctly","duration":0.7171669999997903,"failureMessages":[],"meta":{}},{"ancestorTitles":["Token-2022 Core Features","Transfer Fee Calculations"],"fullName":"Token-2022 Core Features Transfer Fee Calculations should apply maximum fee caps","status":"passed","title":"should apply maximum fee caps","duration":0.1196669999999358,"failureMessages":[],"meta":{}},{"ancestorTitles":["Token-2022 Core Features","Transfer Fee Calculations"],"fullName":"Token-2022 Core Features Transfer Fee Calculations should calculate reverse transfers (desired net amount)","status":"passed","title":"should calculate reverse transfers (desired net amount)","duration":0.11062500000025466,"failureMessages":[],"meta":{}},{"ancestorTitles":["Token-2022 Core Features","Transfer Fee Calculations"],"fullName":"Token-2022 Core Features Transfer Fee Calculations should estimate accumulated fees for multiple transfers","status":"passed","title":"should estimate accumulated fees for multiple transfers","duration":0.4115409999994881,"failureMessages":[],"meta":{}},{"ancestorTitles":["Token-2022 Core Features","Interest-Bearing Token Calculations"],"fullName":"Token-2022 Core Features Interest-Bearing Token Calculations should calculate simple interest correctly","status":"passed","title":"should calculate simple interest correctly","duration":0.13904100000036124,"failureMessages":[],"meta":{}},{"ancestorTitles":["Token-2022 Core Features","Interest-Bearing Token Calculations"],"fullName":"Token-2022 Core Features Interest-Bearing Token Calculations should handle fractional time periods","status":"passed","title":"should handle fractional time periods","duration":0.08120799999960582,"failureMessages":[],"meta":{}},{"ancestorTitles":["Token-2022 Core Features","Interest-Bearing Token Calculations"],"fullName":"Token-2022 Core Features Interest-Bearing Token Calculations should handle zero and negative interest rates","status":"passed","title":"should handle zero and negative interest rates","duration":0.10354199999983393,"failureMessages":[],"meta":{}},{"ancestorTitles":["Token-2022 Core Features","Configuration Validation"],"fullName":"Token-2022 Core Features Configuration Validation should validate transfer fee basis points","status":"passed","title":"should validate transfer fee basis points","duration":0.36987499999941065,"failureMessages":[],"meta":{}},{"ancestorTitles":["Token-2022 Core Features","Configuration Validation"],"fullName":"Token-2022 Core Features Configuration Validation should validate interest rate ranges","status":"passed","title":"should validate interest rate ranges","duration":0.15858399999979156,"failureMessages":[],"meta":{}},{"ancestorTitles":["Token-2022 Core Features","Utility Functions"],"fullName":"Token-2022 Core Features Utility Functions should convert between basis points and percentages","status":"passed","title":"should convert between basis points and percentages","duration":0.10375000000021828,"failureMessages":[],"meta":{}},{"ancestorTitles":["Token-2022 Core Features","Utility Functions"],"fullName":"Token-2022 Core Features Utility Functions should format basis points as readable percentages","status":"passed","title":"should format basis points as readable percentages","duration":0.0595419999999649,"failureMessages":[],"meta":{}},{"ancestorTitles":["Token-2022 Core Features","Utility Functions"],"fullName":"Token-2022 Core Features Utility Functions should estimate compute units for operations","status":"passed","title":"should estimate compute units for operations","duration":0.08079200000065612,"failureMessages":[],"meta":{}},{"ancestorTitles":["Token-2022 Core Features","Account State Management"],"fullName":"Token-2022 Core Features Account State Management should validate account transfer eligibility","status":"passed","title":"should validate account transfer eligibility","duration":0.07291700000041601,"failureMessages":[],"meta":{}},{"ancestorTitles":["Token-2022 Core Features","Performance and Edge Cases"],"fullName":"Token-2022 Core Features Performance and Edge Cases should handle large amounts efficiently","status":"passed","title":"should handle large amounts efficiently","duration":0.06741599999986647,"failureMessages":[],"meta":{}},{"ancestorTitles":["Token-2022 Core Features","Performance and Edge Cases"],"fullName":"Token-2022 Core Features Performance and Edge Cases should handle edge case amounts","status":"passed","title":"should handle edge case amounts","duration":0.06408399999963876,"failureMessages":[],"meta":{}},{"ancestorTitles":["Token-2022 Core Features","Performance and Edge Cases"],"fullName":"Token-2022 Core Features Performance and Edge Cases should handle rapid calculations without performance degradation","status":"passed","title":"should handle rapid calculations without performance degradation","duration":0.2069579999997586,"failureMessages":[],"meta":{}},{"ancestorTitles":["Token-2022 Core Features","Real-world Scenarios"],"fullName":"Token-2022 Core Features Real-world Scenarios should handle marketplace fee structures","status":"passed","title":"should handle marketplace fee structures","duration":0.07058400000005349,"failureMessages":[],"meta":{}},{"ancestorTitles":["Token-2022 Core Features","Real-world Scenarios"],"fullName":"Token-2022 Core Features Real-world Scenarios should handle DeFi staking rewards","status":"passed","title":"should handle DeFi staking rewards","duration":0.06087500000012369,"failureMessages":[],"meta":{}},{"ancestorTitles":["Token-2022 Core Features","Real-world Scenarios"],"fullName":"Token-2022 Core Features Real-world Scenarios should handle combined fee and interest scenarios","status":"passed","title":"should handle combined fee and interest scenarios","duration":0.06033300000035524,"failureMessages":[],"meta":{}}],"startTime":1753571777779,"endTime":1753571777782.207,"status":"passed","message":"","name":"/Users/michelleeidschun/ghostspeak-1/packages/sdk-typescript/tests/unit/token-2022-core-features.test.ts"},{"assertionResults":[{"ancestorTitles":["Token-2022 CPI Integration Tests","Confidential Transfer CPI"],"fullName":"Token-2022 CPI Integration Tests Confidential Transfer CPI should prepare confidential transfer with valid proof","status":"failed","title":"should prepare confidential transfer with valid proof","duration":118036.49674999999,"failureMessages":["Error: Insufficient balance for transfer\n    at generateTransferProof (/Users/michelleeidschun/ghostspeak-1/packages/sdk-typescript/src/utils/elgamal-complete.ts:555:11)\n    at /Users/michelleeidschun/ghostspeak-1/packages/sdk-typescript/tests/unit/token-2022-cpi-integration.test.ts:51:29\n    at file:///Users/michelleeidschun/ghostspeak-1/node_modules/@vitest/runner/dist/chunk-hooks.js:155:11\n    at file:///Users/michelleeidschun/ghostspeak-1/node_modules/@vitest/runner/dist/chunk-hooks.js:752:26\n    at file:///Users/michelleeidschun/ghostspeak-1/node_modules/@vitest/runner/dist/chunk-hooks.js:1897:20\n    at new Promise (<anonymous>)\n    at runWithTimeout (file:///Users/michelleeidschun/ghostspeak-1/node_modules/@vitest/runner/dist/chunk-hooks.js:1863:10)\n    at runTest (file:///Users/michelleeidschun/ghostspeak-1/node_modules/@vitest/runner/dist/chunk-hooks.js:1574:12)\n    at runSuite (file:///Users/michelleeidschun/ghostspeak-1/node_modules/@vitest/runner/dist/chunk-hooks.js:1729:8)\n    at runSuite (file:///Users/michelleeidschun/ghostspeak-1/node_modules/@vitest/runner/dist/chunk-hooks.js:1729:8)"],"meta":{}},{"ancestorTitles":["Token-2022 CPI Integration Tests","Confidential Transfer CPI"],"fullName":"Token-2022 CPI Integration Tests Confidential Transfer CPI should generate confidential transfer proof with auditor","status":"failed","title":"should generate confidential transfer proof with auditor","duration":105.7477910000016,"failureMessages":["RangeError: offset is out of bounds\n    at Uint8Array.set (<anonymous>)\n    at generateConfidentialTransferProof (/Users/michelleeidschun/ghostspeak-1/packages/sdk-typescript/src/utils/token-2022-extensions.ts:239:18)\n    at /Users/michelleeidschun/ghostspeak-1/packages/sdk-typescript/tests/unit/token-2022-cpi-integration.test.ts:77:27\n    at file:///Users/michelleeidschun/ghostspeak-1/node_modules/@vitest/runner/dist/chunk-hooks.js:155:11\n    at file:///Users/michelleeidschun/ghostspeak-1/node_modules/@vitest/runner/dist/chunk-hooks.js:752:26\n    at file:///Users/michelleeidschun/ghostspeak-1/node_modules/@vitest/runner/dist/chunk-hooks.js:1897:20\n    at new Promise (<anonymous>)\n    at runWithTimeout (file:///Users/michelleeidschun/ghostspeak-1/node_modules/@vitest/runner/dist/chunk-hooks.js:1863:10)\n    at runTest (file:///Users/michelleeidschun/ghostspeak-1/node_modules/@vitest/runner/dist/chunk-hooks.js:1574:12)\n    at runSuite (file:///Users/michelleeidschun/ghostspeak-1/node_modules/@vitest/runner/dist/chunk-hooks.js:1729:8)"],"meta":{}},{"ancestorTitles":["Token-2022 CPI Integration Tests","Confidential Transfer CPI"],"fullName":"Token-2022 CPI Integration Tests Confidential Transfer CPI should handle zero amount confidential transfers","status":"passed","title":"should handle zero amount confidential transfers","duration":94.99775000000955,"failureMessages":[],"meta":{}},{"ancestorTitles":["Token-2022 CPI Integration Tests","Confidential Transfer CPI"],"fullName":"Token-2022 CPI Integration Tests Confidential Transfer CPI should reject transfers with insufficient balance","status":"passed","title":"should reject transfers with insufficient balance","duration":15.532708999991883,"failureMessages":[],"meta":{}},{"ancestorTitles":["Token-2022 CPI Integration Tests","Transfer Fee CPI Integration"],"fullName":"Token-2022 CPI Integration Tests Transfer Fee CPI Integration should calculate fees for marketplace transactions","status":"passed","title":"should calculate fees for marketplace transactions","duration":0.6323750000010477,"failureMessages":[],"meta":{}},{"ancestorTitles":["Token-2022 CPI Integration Tests","Transfer Fee CPI Integration"],"fullName":"Token-2022 CPI Integration Tests Transfer Fee CPI Integration should handle small amounts with minimal fees","status":"passed","title":"should handle small amounts with minimal fees","duration":0.49620799999684095,"failureMessages":[],"meta":{}},{"ancestorTitles":["Token-2022 CPI Integration Tests","Transfer Fee CPI Integration"],"fullName":"Token-2022 CPI Integration Tests Transfer Fee CPI Integration should validate transfer fee configuration limits","status":"passed","title":"should validate transfer fee configuration limits","duration":0.470166999992216,"failureMessages":[],"meta":{}},{"ancestorTitles":["Token-2022 CPI Integration Tests","Interest-Bearing Token CPI"],"fullName":"Token-2022 CPI Integration Tests Interest-Bearing Token CPI should calculate compound interest for staking scenarios","status":"passed","title":"should calculate compound interest for staking scenarios","duration":0.5448749999923166,"failureMessages":[],"meta":{}},{"ancestorTitles":["Token-2022 CPI Integration Tests","Interest-Bearing Token CPI"],"fullName":"Token-2022 CPI Integration Tests Interest-Bearing Token CPI should handle negative interest rates (deflationary tokens)","status":"passed","title":"should handle negative interest rates (deflationary tokens)","duration":0.4643750000104774,"failureMessages":[],"meta":{}},{"ancestorTitles":["Token-2022 CPI Integration Tests","Interest-Bearing Token CPI"],"fullName":"Token-2022 CPI Integration Tests Interest-Bearing Token CPI should validate interest rate ranges","status":"passed","title":"should validate interest rate ranges","duration":0.5025840000016615,"failureMessages":[],"meta":{}},{"ancestorTitles":["Token-2022 CPI Integration Tests","Multi-Extension Token Operations"],"fullName":"Token-2022 CPI Integration Tests Multi-Extension Token Operations should estimate compute units for complex operations","status":"failed","title":"should estimate compute units for complex operations","duration":1.031291000006604,"failureMessages":["AssertionError: expected 21000 to be greater than 70000\n    at /Users/michelleeidschun/ghostspeak-1/packages/sdk-typescript/tests/unit/token-2022-cpi-integration.test.ts:232:29\n    at file:///Users/michelleeidschun/ghostspeak-1/node_modules/@vitest/runner/dist/chunk-hooks.js:155:11\n    at file:///Users/michelleeidschun/ghostspeak-1/node_modules/@vitest/runner/dist/chunk-hooks.js:752:26\n    at file:///Users/michelleeidschun/ghostspeak-1/node_modules/@vitest/runner/dist/chunk-hooks.js:1897:20\n    at new Promise (<anonymous>)\n    at runWithTimeout (file:///Users/michelleeidschun/ghostspeak-1/node_modules/@vitest/runner/dist/chunk-hooks.js:1863:10)\n    at runTest (file:///Users/michelleeidschun/ghostspeak-1/node_modules/@vitest/runner/dist/chunk-hooks.js:1574:12)\n    at runSuite (file:///Users/michelleeidschun/ghostspeak-1/node_modules/@vitest/runner/dist/chunk-hooks.js:1729:8)\n    at runSuite (file:///Users/michelleeidschun/ghostspeak-1/node_modules/@vitest/runner/dist/chunk-hooks.js:1729:8)\n    at runSuite (file:///Users/michelleeidschun/ghostspeak-1/node_modules/@vitest/runner/dist/chunk-hooks.js:1729:8)"],"meta":{}},{"ancestorTitles":["Token-2022 CPI Integration Tests","Multi-Extension Token Operations"],"fullName":"Token-2022 CPI Integration Tests Multi-Extension Token Operations should validate account state for transfers","status":"passed","title":"should validate account state for transfers","duration":0.4713750000082655,"failureMessages":[],"meta":{}},{"ancestorTitles":["Token-2022 CPI Integration Tests","Multi-Extension Token Operations"],"fullName":"Token-2022 CPI Integration Tests Multi-Extension Token Operations should handle fee calculation with interest-bearing tokens","status":"passed","title":"should handle fee calculation with interest-bearing tokens","duration":0.4657089999964228,"failureMessages":[],"meta":{}},{"ancestorTitles":["Token-2022 CPI Integration Tests","CPI Error Handling"],"fullName":"Token-2022 CPI Integration Tests CPI Error Handling should handle invalid ciphertext data","status":"passed","title":"should handle invalid ciphertext data","duration":0.6587500000023283,"failureMessages":[],"meta":{}},{"ancestorTitles":["Token-2022 CPI Integration Tests","CPI Error Handling"],"fullName":"Token-2022 CPI Integration Tests CPI Error Handling should handle compute unit overflow scenarios","status":"passed","title":"should handle compute unit overflow scenarios","duration":0.4363329999905545,"failureMessages":[],"meta":{}},{"ancestorTitles":["Token-2022 CPI Integration Tests","CPI Error Handling"],"fullName":"Token-2022 CPI Integration Tests CPI Error Handling should validate transfer fee configurations","status":"passed","title":"should validate transfer fee configurations","duration":0.4219169999996666,"failureMessages":[],"meta":{}},{"ancestorTitles":["Token-2022 CPI Integration Tests","Real-world Integration Scenarios"],"fullName":"Token-2022 CPI Integration Tests Real-world Integration Scenarios should handle a complete marketplace transaction flow","status":"failed","title":"should handle a complete marketplace transaction flow","duration":109873.926375,"failureMessages":["Error: Insufficient balance for transfer\n    at generateTransferProof (/Users/michelleeidschun/ghostspeak-1/packages/sdk-typescript/src/utils/elgamal-complete.ts:555:11)\n    at /Users/michelleeidschun/ghostspeak-1/packages/sdk-typescript/tests/unit/token-2022-cpi-integration.test.ts:333:29\n    at file:///Users/michelleeidschun/ghostspeak-1/node_modules/@vitest/runner/dist/chunk-hooks.js:155:11\n    at file:///Users/michelleeidschun/ghostspeak-1/node_modules/@vitest/runner/dist/chunk-hooks.js:752:26\n    at file:///Users/michelleeidschun/ghostspeak-1/node_modules/@vitest/runner/dist/chunk-hooks.js:1897:20\n    at new Promise (<anonymous>)\n    at runWithTimeout (file:///Users/michelleeidschun/ghostspeak-1/node_modules/@vitest/runner/dist/chunk-hooks.js:1863:10)\n    at runTest (file:///Users/michelleeidschun/ghostspeak-1/node_modules/@vitest/runner/dist/chunk-hooks.js:1574:12)\n    at runSuite (file:///Users/michelleeidschun/ghostspeak-1/node_modules/@vitest/runner/dist/chunk-hooks.js:1729:8)\n    at runSuite (file:///Users/michelleeidschun/ghostspeak-1/node_modules/@vitest/runner/dist/chunk-hooks.js:1729:8)"],"meta":{}},{"ancestorTitles":["Token-2022 CPI Integration Tests","Real-world Integration Scenarios"],"fullName":"Token-2022 CPI Integration Tests Real-world Integration Scenarios should handle staking rewards with confidential balances","status":"passed","title":"should handle staking rewards with confidential balances","duration":94.1366670000134,"failureMessages":[],"meta":{}}],"startTime":1753571777816,"endTime":1753572006045.1367,"status":"failed","message":"","name":"/Users/michelleeidschun/ghostspeak-1/packages/sdk-typescript/tests/unit/token-2022-cpi-integration.test.ts"},{"assertionResults":[{"ancestorTitles":["BaseInstructions","Transaction Building & Sending"],"fullName":"BaseInstructions Transaction Building & Sending should send a basic transaction successfully","status":"passed","title":"should send a basic transaction successfully","duration":2.131208000000015,"failureMessages":[],"meta":{}},{"ancestorTitles":["BaseInstructions","Transaction Building & Sending"],"fullName":"BaseInstructions Transaction Building & Sending should send transaction with detailed results","status":"passed","title":"should send transaction with detailed results","duration":0.5092500000000086,"failureMessages":[],"meta":{}},{"ancestorTitles":["BaseInstructions","Transaction Building & Sending"],"fullName":"BaseInstructions Transaction Building & Sending should handle multiple instructions in a single transaction","status":"passed","title":"should handle multiple instructions in a single transaction","duration":0.2379579999999919,"failureMessages":[],"meta":{}},{"ancestorTitles":["BaseInstructions","Transaction Building & Sending"],"fullName":"BaseInstructions Transaction Building & Sending should validate instructions before sending","status":"passed","title":"should validate instructions before sending","duration":0.7514580000000137,"failureMessages":[],"meta":{}},{"ancestorTitles":["BaseInstructions","Transaction Building & Sending"],"fullName":"BaseInstructions Transaction Building & Sending should warn about large transaction sizes","status":"passed","title":"should warn about large transaction sizes","duration":0.27958399999999983,"failureMessages":[],"meta":{}},{"ancestorTitles":["BaseInstructions","Transaction Building & Sending"],"fullName":"BaseInstructions Transaction Building & Sending should handle transaction errors gracefully","status":"passed","title":"should handle transaction errors gracefully","duration":0.26249999999998863,"failureMessages":[],"meta":{}},{"ancestorTitles":["BaseInstructions","Transaction Building & Sending"],"fullName":"BaseInstructions Transaction Building & Sending should retry with exponential backoff in RPC-only mode","status":"passed","title":"should retry with exponential backoff in RPC-only mode","duration":2501.599542,"failureMessages":[],"meta":{}},{"ancestorTitles":["BaseInstructions","Transaction Building & Sending"],"fullName":"BaseInstructions Transaction Building & Sending should handle subscription-based confirmation when available","status":"passed","title":"should handle subscription-based confirmation when available","duration":0.38970800000015515,"failureMessages":[],"meta":{}},{"ancestorTitles":["BaseInstructions","Transaction Building & Sending"],"fullName":"BaseInstructions Transaction Building & Sending should handle confirmation timeout","status":"passed","title":"should handle confirmation timeout","duration":0.13795799999979863,"failureMessages":[],"meta":{}},{"ancestorTitles":["BaseInstructions","Transaction Building & Sending"],"fullName":"BaseInstructions Transaction Building & Sending should log instruction details during debug","status":"passed","title":"should log instruction details during debug","duration":0.32775000000037835,"failureMessages":[],"meta":{}},{"ancestorTitles":["BaseInstructions","Transaction Utilities"],"fullName":"BaseInstructions Transaction Utilities should estimate transaction cost accurately","status":"passed","title":"should estimate transaction cost accurately","duration":0.2717920000000049,"failureMessages":[],"meta":{}},{"ancestorTitles":["BaseInstructions","Transaction Utilities"],"fullName":"BaseInstructions Transaction Utilities should fall back to default cost estimation on RPC failure","status":"passed","title":"should fall back to default cost estimation on RPC failure","duration":0.987999999999829,"failureMessages":[],"meta":{}},{"ancestorTitles":["BaseInstructions","Transaction Utilities"],"fullName":"BaseInstructions Transaction Utilities should simulate transactions before sending","status":"passed","title":"should simulate transactions before sending","duration":0.3409160000001066,"failureMessages":[],"meta":{}},{"ancestorTitles":["BaseInstructions","Transaction Utilities"],"fullName":"BaseInstructions Transaction Utilities should handle simulation errors","status":"passed","title":"should handle simulation errors","duration":0.18945799999983137,"failureMessages":[],"meta":{}},{"ancestorTitles":["BaseInstructions","Transaction Utilities"],"fullName":"BaseInstructions Transaction Utilities should build transaction message without sending","status":"passed","title":"should build transaction message without sending","duration":0.41800000000012005,"failureMessages":[],"meta":{}},{"ancestorTitles":["BaseInstructions","Transaction Utilities"],"fullName":"BaseInstructions Transaction Utilities should calculate transaction size correctly","status":"passed","title":"should calculate transaction size correctly","duration":0.13108399999964604,"failureMessages":[],"meta":{}},{"ancestorTitles":["BaseInstructions","Transaction Utilities"],"fullName":"BaseInstructions Transaction Utilities should calculate size for multiple instructions","status":"passed","title":"should calculate size for multiple instructions","duration":0.10383299999966766,"failureMessages":[],"meta":{}},{"ancestorTitles":["BaseInstructions","Transaction Utilities"],"fullName":"BaseInstructions Transaction Utilities should log instruction details","status":"passed","title":"should log instruction details","duration":0.21975000000020373,"failureMessages":[],"meta":{}},{"ancestorTitles":["BaseInstructions","Account Operations"],"fullName":"BaseInstructions Account Operations should get and decode a single account","status":"passed","title":"should get and decode a single account","duration":0.5798330000002352,"failureMessages":[],"meta":{}},{"ancestorTitles":["BaseInstructions","Account Operations"],"fullName":"BaseInstructions Account Operations should return null for non-existent accounts","status":"passed","title":"should return null for non-existent accounts","duration":0.35474999999996726,"failureMessages":[],"meta":{}},{"ancestorTitles":["BaseInstructions","Account Operations"],"fullName":"BaseInstructions Account Operations should handle decoder not found","status":"passed","title":"should handle decoder not found","duration":1.6238329999996495,"failureMessages":[],"meta":{}},{"ancestorTitles":["BaseInstructions","Account Operations"],"fullName":"BaseInstructions Account Operations should get and decode multiple accounts","status":"passed","title":"should get and decode multiple accounts","duration":0.8423339999999371,"failureMessages":[],"meta":{}},{"ancestorTitles":["BaseInstructions","Account Operations"],"fullName":"BaseInstructions Account Operations should handle various data formats in account decoding","status":"passed","title":"should handle various data formats in account decoding","duration":0.5159170000001723,"failureMessages":[],"meta":{}},{"ancestorTitles":["BaseInstructions","Account Operations"],"fullName":"BaseInstructions Account Operations should get program accounts with filters","status":"passed","title":"should get program accounts with filters","duration":0.4793750000003456,"failureMessages":[],"meta":{}},{"ancestorTitles":["BaseInstructions","Account Operations"],"fullName":"BaseInstructions Account Operations should handle decoding errors gracefully in program accounts","status":"passed","title":"should handle decoding errors gracefully in program accounts","duration":0.46520799999962037,"failureMessages":[],"meta":{}},{"ancestorTitles":["BaseInstructions","Account Operations"],"fullName":"BaseInstructions Account Operations should get raw account data","status":"passed","title":"should get raw account data","duration":0.32466699999986304,"failureMessages":[],"meta":{}},{"ancestorTitles":["BaseInstructions","Account Operations"],"fullName":"BaseInstructions Account Operations should get all program accounts for recovery","status":"passed","title":"should get all program accounts for recovery","duration":0.2668329999996786,"failureMessages":[],"meta":{}},{"ancestorTitles":["BaseInstructions","Account Operations"],"fullName":"BaseInstructions Account Operations should handle discriminator validation errors","status":"passed","title":"should handle discriminator validation errors","duration":0.4135000000001128,"failureMessages":[],"meta":{}},{"ancestorTitles":["BaseInstructions","Execution Helpers"],"fullName":"BaseInstructions Execution Helpers should execute single instruction","status":"passed","title":"should execute single instruction","duration":0.18370800000002419,"failureMessages":[],"meta":{}},{"ancestorTitles":["BaseInstructions","Execution Helpers"],"fullName":"BaseInstructions Execution Helpers should execute instruction with context","status":"passed","title":"should execute instruction with context","duration":0.15708300000005693,"failureMessages":[],"meta":{}},{"ancestorTitles":["BaseInstructions","Execution Helpers"],"fullName":"BaseInstructions Execution Helpers should execute instruction with detailed results","status":"passed","title":"should execute instruction with detailed results","duration":0.1703339999999116,"failureMessages":[],"meta":{}},{"ancestorTitles":["BaseInstructions","Execution Helpers"],"fullName":"BaseInstructions Execution Helpers should propagate execution errors with context","status":"passed","title":"should propagate execution errors with context","duration":0.20362500000010186,"failureMessages":[],"meta":{}},{"ancestorTitles":["BaseInstructions","Execution Helpers"],"fullName":"BaseInstructions Execution Helpers should handle missing context in error messages","status":"passed","title":"should handle missing context in error messages","duration":0.19037500000013097,"failureMessages":[],"meta":{}},{"ancestorTitles":["BaseInstructions","Transaction Batching"],"fullName":"BaseInstructions Transaction Batching should send multiple transactions in sequence","status":"passed","title":"should send multiple transactions in sequence","duration":0.3999999999996362,"failureMessages":[],"meta":{}},{"ancestorTitles":["BaseInstructions","Transaction Batching"],"fullName":"BaseInstructions Transaction Batching should stop batch on first failure","status":"passed","title":"should stop batch on first failure","duration":0.27554200000031415,"failureMessages":[],"meta":{}},{"ancestorTitles":["BaseInstructions","Edge Cases and Error Handling"],"fullName":"BaseInstructions Edge Cases and Error Handling should handle empty instruction arrays","status":"failed","title":"should handle empty instruction arrays","duration":3.9462499999999636,"failureMessages":["AssertionError: expected 'sig3' to be 'mock-signature' // Object.is equality\n    at /Users/michelleeidschun/ghostspeak-1/packages/sdk-typescript/tests/unit/client/base-instructions.test.ts:799:25\n    at file:///Users/michelleeidschun/ghostspeak-1/node_modules/@vitest/runner/dist/chunk-hooks.js:752:20"],"meta":{}},{"ancestorTitles":["BaseInstructions","Edge Cases and Error Handling"],"fullName":"BaseInstructions Edge Cases and Error Handling should handle missing signers","status":"passed","title":"should handle missing signers","duration":0.5084170000000086,"failureMessages":[],"meta":{}},{"ancestorTitles":["BaseInstructions","Edge Cases and Error Handling"],"fullName":"BaseInstructions Edge Cases and Error Handling should handle very large instruction data","status":"passed","title":"should handle very large instruction data","duration":0.37858399999959147,"failureMessages":[],"meta":{}},{"ancestorTitles":["BaseInstructions","Edge Cases and Error Handling"],"fullName":"BaseInstructions Edge Cases and Error Handling should handle RPC endpoint detection fallback","status":"passed","title":"should handle RPC endpoint detection fallback","duration":0.19712500000014188,"failureMessages":[],"meta":{}},{"ancestorTitles":["BaseInstructions","Edge Cases and Error Handling"],"fullName":"BaseInstructions Edge Cases and Error Handling should handle transaction confirmation with various statuses","status":"passed","title":"should handle transaction confirmation with various statuses","duration":1001.5632500000002,"failureMessages":[],"meta":{}},{"ancestorTitles":["BaseInstructions","Edge Cases and Error Handling"],"fullName":"BaseInstructions Edge Cases and Error Handling should handle transaction errors in confirmation status","status":"passed","title":"should handle transaction errors in confirmation status","duration":0.5527499999998327,"failureMessages":[],"meta":{}},{"ancestorTitles":["BaseInstructions","Performance Tests"],"fullName":"BaseInstructions Performance Tests should handle rapid sequential transactions","status":"passed","title":"should handle rapid sequential transactions","duration":0.321042000000034,"failureMessages":[],"meta":{}},{"ancestorTitles":["BaseInstructions","Performance Tests"],"fullName":"BaseInstructions Performance Tests should efficiently estimate costs for multiple instructions","status":"passed","title":"should efficiently estimate costs for multiple instructions","duration":0.2027909999997064,"failureMessages":[],"meta":{}}],"startTime":1753571773893,"endTime":1753571777417.321,"status":"failed","message":"","name":"/Users/michelleeidschun/ghostspeak-1/packages/sdk-typescript/tests/unit/client/base-instructions.test.ts"},{"assertionResults":[],"startTime":1753571773724,"endTime":1753571773724,"status":"failed","message":"Cannot find module '../../src' imported from '/Users/michelleeidschun/ghostspeak-1/packages/sdk-typescript/tests/unit/client/client.test.ts'","name":"/Users/michelleeidschun/ghostspeak-1/packages/sdk-typescript/tests/unit/client/client.test.ts"},{"assertionResults":[],"startTime":1753571773724,"endTime":1753571773724,"status":"failed","message":"Cannot find module '../../src/client/instructions/AgentInstructions' imported from '/Users/michelleeidschun/ghostspeak-1/packages/sdk-typescript/tests/unit/instructions/agent-instructions.test.ts'","name":"/Users/michelleeidschun/ghostspeak-1/packages/sdk-typescript/tests/unit/instructions/agent-instructions.test.ts"},{"assertionResults":[],"startTime":1753571773724,"endTime":1753571773724,"status":"failed","message":"Cannot find module '../../src/client/instructions/AuctionInstructions' imported from '/Users/michelleeidschun/ghostspeak-1/packages/sdk-typescript/tests/unit/instructions/auction-instructions.test.ts'","name":"/Users/michelleeidschun/ghostspeak-1/packages/sdk-typescript/tests/unit/instructions/auction-instructions.test.ts"},{"assertionResults":[],"startTime":1753571773724,"endTime":1753571773724,"status":"failed","message":"Cannot find module '../../src/client/instructions/EscrowInstructions' imported from '/Users/michelleeidschun/ghostspeak-1/packages/sdk-typescript/tests/unit/instructions/escrow-instructions.test.ts'","name":"/Users/michelleeidschun/ghostspeak-1/packages/sdk-typescript/tests/unit/instructions/escrow-instructions.test.ts"},{"assertionResults":[],"startTime":1753571773724,"endTime":1753571773724,"status":"failed","message":"Cannot find module '../../src/client/instructions/GovernanceInstructions' imported from '/Users/michelleeidschun/ghostspeak-1/packages/sdk-typescript/tests/unit/instructions/governance-instructions.test.ts'","name":"/Users/michelleeidschun/ghostspeak-1/packages/sdk-typescript/tests/unit/instructions/governance-instructions.test.ts"},{"assertionResults":[],"startTime":1753571773724,"endTime":1753571773724,"status":"failed","message":"Cannot find module '../../src/client/instructions/MarketplaceInstructions' imported from '/Users/michelleeidschun/ghostspeak-1/packages/sdk-typescript/tests/unit/instructions/marketplace-instructions.test.ts'","name":"/Users/michelleeidschun/ghostspeak-1/packages/sdk-typescript/tests/unit/instructions/marketplace-instructions.test.ts"},{"assertionResults":[],"startTime":1753571773724,"endTime":1753571773724,"status":"failed","message":"Cannot find module '../../src/client/instructions/ReputationInstructions' imported from '/Users/michelleeidschun/ghostspeak-1/packages/sdk-typescript/tests/unit/instructions/reputation-instructions.test.ts'","name":"/Users/michelleeidschun/ghostspeak-1/packages/sdk-typescript/tests/unit/instructions/reputation-instructions.test.ts"},{"assertionResults":[],"startTime":1753571773724,"endTime":1753571773724,"status":"failed","message":"Cannot find module '../../src/client/instructions/WorkOrderInstructions' imported from '/Users/michelleeidschun/ghostspeak-1/packages/sdk-typescript/tests/unit/instructions/work-order-instructions.test.ts'","name":"/Users/michelleeidschun/ghostspeak-1/packages/sdk-typescript/tests/unit/instructions/work-order-instructions.test.ts"},{"assertionResults":[],"startTime":1753571773724,"endTime":1753571773724,"status":"failed","message":"Cannot find module '../../src/utils/confidential-transfer-coordinator.js' imported from '/Users/michelleeidschun/ghostspeak-1/packages/sdk-typescript/tests/unit/crypto/confidential-transfer-coordinator.test.ts'","name":"/Users/michelleeidschun/ghostspeak-1/packages/sdk-typescript/tests/unit/crypto/confidential-transfer-coordinator.test.ts"},{"assertionResults":[],"startTime":1753571773724,"endTime":1753571773724,"status":"failed","message":"Cannot find module '../../src/utils/confidential-transfer-helpers.js' imported from '/Users/michelleeidschun/ghostspeak-1/packages/sdk-typescript/tests/unit/crypto/confidential-transfers.test.ts'","name":"/Users/michelleeidschun/ghostspeak-1/packages/sdk-typescript/tests/unit/crypto/confidential-transfers.test.ts"},{"assertionResults":[{"ancestorTitles":["ElGamal API Structure","Module Exports"],"fullName":"ElGamal API Structure Module Exports should export all required functions and types","status":"failed","title":"should export all required functions and types","duration":2.566208000000188,"failureMessages":["Error: Cannot find module '../../src/utils/elgamal.js' imported from '/Users/michelleeidschun/ghostspeak-1/packages/sdk-typescript/tests/unit/crypto/elgamal-api.test.ts'\n    at VitestExecutor._fetchModule (file:///Users/michelleeidschun/ghostspeak-1/node_modules/vite-node/dist/client.mjs:247:19)\n    at VitestExecutor.directRequest (file:///Users/michelleeidschun/ghostspeak-1/node_modules/vite-node/dist/client.mjs:268:44)\n    at VitestExecutor.cachedRequest (file:///Users/michelleeidschun/ghostspeak-1/node_modules/vite-node/dist/client.mjs:189:11)\n    at VitestExecutor.dependencyRequest (file:///Users/michelleeidschun/ghostspeak-1/node_modules/vite-node/dist/client.mjs:239:10)\n    at /Users/michelleeidschun/ghostspeak-1/packages/sdk-typescript/tests/unit/crypto/elgamal-api.test.ts:9:29\n    at file:///Users/michelleeidschun/ghostspeak-1/node_modules/@vitest/runner/dist/chunk-hooks.js:752:20"],"meta":{}},{"ancestorTitles":["ElGamal API Structure","Key Generation API"],"fullName":"ElGamal API Structure Key Generation API should generate keypair with correct structure","status":"failed","title":"should generate keypair with correct structure","duration":0.1581659999992553,"failureMessages":["Error: Cannot find module '../../src/utils/elgamal.js' imported from '/Users/michelleeidschun/ghostspeak-1/packages/sdk-typescript/tests/unit/crypto/elgamal-api.test.ts'\n    at VitestExecutor._fetchModule (file:///Users/michelleeidschun/ghostspeak-1/node_modules/vite-node/dist/client.mjs:247:19)\n    at VitestExecutor.directRequest (file:///Users/michelleeidschun/ghostspeak-1/node_modules/vite-node/dist/client.mjs:268:44)\n    at VitestExecutor.cachedRequest (file:///Users/michelleeidschun/ghostspeak-1/node_modules/vite-node/dist/client.mjs:189:11)\n    at VitestExecutor.dependencyRequest (file:///Users/michelleeidschun/ghostspeak-1/node_modules/vite-node/dist/client.mjs:239:10)\n    at /Users/michelleeidschun/ghostspeak-1/packages/sdk-typescript/tests/unit/crypto/elgamal-api.test.ts:9:29\n    at file:///Users/michelleeidschun/ghostspeak-1/node_modules/@vitest/runner/dist/chunk-hooks.js:752:20"],"meta":{}},{"ancestorTitles":["ElGamal API Structure","Key Generation API"],"fullName":"ElGamal API Structure Key Generation API should derive keypair from signer","status":"failed","title":"should derive keypair from signer","duration":0.1029580000003989,"failureMessages":["Error: Cannot find module '../../src/utils/elgamal.js' imported from '/Users/michelleeidschun/ghostspeak-1/packages/sdk-typescript/tests/unit/crypto/elgamal-api.test.ts'\n    at VitestExecutor._fetchModule (file:///Users/michelleeidschun/ghostspeak-1/node_modules/vite-node/dist/client.mjs:247:19)\n    at VitestExecutor.directRequest (file:///Users/michelleeidschun/ghostspeak-1/node_modules/vite-node/dist/client.mjs:268:44)\n    at VitestExecutor.cachedRequest (file:///Users/michelleeidschun/ghostspeak-1/node_modules/vite-node/dist/client.mjs:189:11)\n    at VitestExecutor.dependencyRequest (file:///Users/michelleeidschun/ghostspeak-1/node_modules/vite-node/dist/client.mjs:239:10)\n    at /Users/michelleeidschun/ghostspeak-1/packages/sdk-typescript/tests/unit/crypto/elgamal-api.test.ts:9:29\n    at file:///Users/michelleeidschun/ghostspeak-1/node_modules/@vitest/runner/dist/chunk-hooks.js:752:20"],"meta":{}},{"ancestorTitles":["ElGamal API Structure","Encryption API"],"fullName":"ElGamal API Structure Encryption API should create ciphertext with correct structure","status":"failed","title":"should create ciphertext with correct structure","duration":0.09462499999972351,"failureMessages":["Error: Cannot find module '../../src/utils/elgamal.js' imported from '/Users/michelleeidschun/ghostspeak-1/packages/sdk-typescript/tests/unit/crypto/elgamal-api.test.ts'\n    at VitestExecutor._fetchModule (file:///Users/michelleeidschun/ghostspeak-1/node_modules/vite-node/dist/client.mjs:247:19)\n    at VitestExecutor.directRequest (file:///Users/michelleeidschun/ghostspeak-1/node_modules/vite-node/dist/client.mjs:268:44)\n    at VitestExecutor.cachedRequest (file:///Users/michelleeidschun/ghostspeak-1/node_modules/vite-node/dist/client.mjs:189:11)\n    at VitestExecutor.dependencyRequest (file:///Users/michelleeidschun/ghostspeak-1/node_modules/vite-node/dist/client.mjs:239:10)\n    at /Users/michelleeidschun/ghostspeak-1/packages/sdk-typescript/tests/unit/crypto/elgamal-api.test.ts:9:29\n    at file:///Users/michelleeidschun/ghostspeak-1/node_modules/@vitest/runner/dist/chunk-hooks.js:752:20"],"meta":{}},{"ancestorTitles":["ElGamal API Structure","Encryption API"],"fullName":"ElGamal API Structure Encryption API should return randomness with encryption result","status":"failed","title":"should return randomness with encryption result","duration":0.09416700000019773,"failureMessages":["Error: Cannot find module '../../src/utils/elgamal.js' imported from '/Users/michelleeidschun/ghostspeak-1/packages/sdk-typescript/tests/unit/crypto/elgamal-api.test.ts'\n    at VitestExecutor._fetchModule (file:///Users/michelleeidschun/ghostspeak-1/node_modules/vite-node/dist/client.mjs:247:19)\n    at VitestExecutor.directRequest (file:///Users/michelleeidschun/ghostspeak-1/node_modules/vite-node/dist/client.mjs:268:44)\n    at VitestExecutor.cachedRequest (file:///Users/michelleeidschun/ghostspeak-1/node_modules/vite-node/dist/client.mjs:189:11)\n    at VitestExecutor.dependencyRequest (file:///Users/michelleeidschun/ghostspeak-1/node_modules/vite-node/dist/client.mjs:239:10)\n    at /Users/michelleeidschun/ghostspeak-1/packages/sdk-typescript/tests/unit/crypto/elgamal-api.test.ts:9:29\n    at file:///Users/michelleeidschun/ghostspeak-1/node_modules/@vitest/runner/dist/chunk-hooks.js:752:20"],"meta":{}},{"ancestorTitles":["ElGamal API Structure","Encryption API"],"fullName":"ElGamal API Structure Encryption API should validate input ranges","status":"failed","title":"should validate input ranges","duration":0.10216700000000856,"failureMessages":["Error: Cannot find module '../../src/utils/elgamal.js' imported from '/Users/michelleeidschun/ghostspeak-1/packages/sdk-typescript/tests/unit/crypto/elgamal-api.test.ts'\n    at VitestExecutor._fetchModule (file:///Users/michelleeidschun/ghostspeak-1/node_modules/vite-node/dist/client.mjs:247:19)\n    at VitestExecutor.directRequest (file:///Users/michelleeidschun/ghostspeak-1/node_modules/vite-node/dist/client.mjs:268:44)\n    at VitestExecutor.cachedRequest (file:///Users/michelleeidschun/ghostspeak-1/node_modules/vite-node/dist/client.mjs:189:11)\n    at VitestExecutor.dependencyRequest (file:///Users/michelleeidschun/ghostspeak-1/node_modules/vite-node/dist/client.mjs:239:10)\n    at /Users/michelleeidschun/ghostspeak-1/packages/sdk-typescript/tests/unit/crypto/elgamal-api.test.ts:9:29\n    at file:///Users/michelleeidschun/ghostspeak-1/node_modules/@vitest/runner/dist/chunk-hooks.js:752:20"],"meta":{}},{"ancestorTitles":["ElGamal API Structure","Proof Generation API"],"fullName":"ElGamal API Structure Proof Generation API should generate range proof with correct structure","status":"failed","title":"should generate range proof with correct structure","duration":0.10425000000032014,"failureMessages":["Error: Cannot find module '../../src/utils/elgamal.js' imported from '/Users/michelleeidschun/ghostspeak-1/packages/sdk-typescript/tests/unit/crypto/elgamal-api.test.ts'\n    at VitestExecutor._fetchModule (file:///Users/michelleeidschun/ghostspeak-1/node_modules/vite-node/dist/client.mjs:247:19)\n    at VitestExecutor.directRequest (file:///Users/michelleeidschun/ghostspeak-1/node_modules/vite-node/dist/client.mjs:268:44)\n    at VitestExecutor.cachedRequest (file:///Users/michelleeidschun/ghostspeak-1/node_modules/vite-node/dist/client.mjs:189:11)\n    at VitestExecutor.dependencyRequest (file:///Users/michelleeidschun/ghostspeak-1/node_modules/vite-node/dist/client.mjs:239:10)\n    at /Users/michelleeidschun/ghostspeak-1/packages/sdk-typescript/tests/unit/crypto/elgamal-api.test.ts:9:29\n    at file:///Users/michelleeidschun/ghostspeak-1/node_modules/@vitest/runner/dist/chunk-hooks.js:752:20"],"meta":{}},{"ancestorTitles":["ElGamal API Structure","Proof Generation API"],"fullName":"ElGamal API Structure Proof Generation API should generate validity proof with correct structure","status":"failed","title":"should generate validity proof with correct structure","duration":0.1101250000001528,"failureMessages":["Error: Cannot find module '../../src/utils/elgamal.js' imported from '/Users/michelleeidschun/ghostspeak-1/packages/sdk-typescript/tests/unit/crypto/elgamal-api.test.ts'\n    at VitestExecutor._fetchModule (file:///Users/michelleeidschun/ghostspeak-1/node_modules/vite-node/dist/client.mjs:247:19)\n    at VitestExecutor.directRequest (file:///Users/michelleeidschun/ghostspeak-1/node_modules/vite-node/dist/client.mjs:268:44)\n    at VitestExecutor.cachedRequest (file:///Users/michelleeidschun/ghostspeak-1/node_modules/vite-node/dist/client.mjs:189:11)\n    at VitestExecutor.dependencyRequest (file:///Users/michelleeidschun/ghostspeak-1/node_modules/vite-node/dist/client.mjs:239:10)\n    at /Users/michelleeidschun/ghostspeak-1/packages/sdk-typescript/tests/unit/crypto/elgamal-api.test.ts:9:29\n    at file:///Users/michelleeidschun/ghostspeak-1/node_modules/@vitest/runner/dist/chunk-hooks.js:752:20"],"meta":{}},{"ancestorTitles":["ElGamal API Structure","Utility Functions API"],"fullName":"ElGamal API Structure Utility Functions API should serialize and deserialize ciphertext","status":"failed","title":"should serialize and deserialize ciphertext","duration":0.09766700000000128,"failureMessages":["Error: Cannot find module '../../src/utils/elgamal.js' imported from '/Users/michelleeidschun/ghostspeak-1/packages/sdk-typescript/tests/unit/crypto/elgamal-api.test.ts'\n    at VitestExecutor._fetchModule (file:///Users/michelleeidschun/ghostspeak-1/node_modules/vite-node/dist/client.mjs:247:19)\n    at VitestExecutor.directRequest (file:///Users/michelleeidschun/ghostspeak-1/node_modules/vite-node/dist/client.mjs:268:44)\n    at VitestExecutor.cachedRequest (file:///Users/michelleeidschun/ghostspeak-1/node_modules/vite-node/dist/client.mjs:189:11)\n    at VitestExecutor.dependencyRequest (file:///Users/michelleeidschun/ghostspeak-1/node_modules/vite-node/dist/client.mjs:239:10)\n    at /Users/michelleeidschun/ghostspeak-1/packages/sdk-typescript/tests/unit/crypto/elgamal-api.test.ts:9:29\n    at file:///Users/michelleeidschun/ghostspeak-1/node_modules/@vitest/runner/dist/chunk-hooks.js:752:20"],"meta":{}},{"ancestorTitles":["ElGamal API Structure","Utility Functions API"],"fullName":"ElGamal API Structure Utility Functions API should validate ciphertext structure","status":"failed","title":"should validate ciphertext structure","duration":0.10362499999973807,"failureMessages":["Error: Cannot find module '../../src/utils/elgamal.js' imported from '/Users/michelleeidschun/ghostspeak-1/packages/sdk-typescript/tests/unit/crypto/elgamal-api.test.ts'\n    at VitestExecutor._fetchModule (file:///Users/michelleeidschun/ghostspeak-1/node_modules/vite-node/dist/client.mjs:247:19)\n    at VitestExecutor.directRequest (file:///Users/michelleeidschun/ghostspeak-1/node_modules/vite-node/dist/client.mjs:268:44)\n    at VitestExecutor.cachedRequest (file:///Users/michelleeidschun/ghostspeak-1/node_modules/vite-node/dist/client.mjs:189:11)\n    at VitestExecutor.dependencyRequest (file:///Users/michelleeidschun/ghostspeak-1/node_modules/vite-node/dist/client.mjs:239:10)\n    at /Users/michelleeidschun/ghostspeak-1/packages/sdk-typescript/tests/unit/crypto/elgamal-api.test.ts:9:29\n    at file:///Users/michelleeidschun/ghostspeak-1/node_modules/@vitest/runner/dist/chunk-hooks.js:752:20"],"meta":{}},{"ancestorTitles":["ElGamal API Structure","Error Handling"],"fullName":"ElGamal API Structure Error Handling should handle serialization errors","status":"failed","title":"should handle serialization errors","duration":0.06262500000048021,"failureMessages":["Error: Cannot find module '../../src/utils/elgamal.js' imported from '/Users/michelleeidschun/ghostspeak-1/packages/sdk-typescript/tests/unit/crypto/elgamal-api.test.ts'\n    at VitestExecutor._fetchModule (file:///Users/michelleeidschun/ghostspeak-1/node_modules/vite-node/dist/client.mjs:247:19)\n    at VitestExecutor.directRequest (file:///Users/michelleeidschun/ghostspeak-1/node_modules/vite-node/dist/client.mjs:268:44)\n    at VitestExecutor.cachedRequest (file:///Users/michelleeidschun/ghostspeak-1/node_modules/vite-node/dist/client.mjs:189:11)\n    at VitestExecutor.dependencyRequest (file:///Users/michelleeidschun/ghostspeak-1/node_modules/vite-node/dist/client.mjs:239:10)\n    at /Users/michelleeidschun/ghostspeak-1/packages/sdk-typescript/tests/unit/crypto/elgamal-api.test.ts:9:29\n    at file:///Users/michelleeidschun/ghostspeak-1/node_modules/@vitest/runner/dist/chunk-hooks.js:752:20"],"meta":{}},{"ancestorTitles":["ElGamal API Structure","Error Handling"],"fullName":"ElGamal API Structure Error Handling should handle range proof validation","status":"failed","title":"should handle range proof validation","duration":0.05491600000004837,"failureMessages":["Error: Cannot find module '../../src/utils/elgamal.js' imported from '/Users/michelleeidschun/ghostspeak-1/packages/sdk-typescript/tests/unit/crypto/elgamal-api.test.ts'\n    at VitestExecutor._fetchModule (file:///Users/michelleeidschun/ghostspeak-1/node_modules/vite-node/dist/client.mjs:247:19)\n    at VitestExecutor.directRequest (file:///Users/michelleeidschun/ghostspeak-1/node_modules/vite-node/dist/client.mjs:268:44)\n    at VitestExecutor.cachedRequest (file:///Users/michelleeidschun/ghostspeak-1/node_modules/vite-node/dist/client.mjs:189:11)\n    at VitestExecutor.dependencyRequest (file:///Users/michelleeidschun/ghostspeak-1/node_modules/vite-node/dist/client.mjs:239:10)\n    at /Users/michelleeidschun/ghostspeak-1/packages/sdk-typescript/tests/unit/crypto/elgamal-api.test.ts:9:29\n    at file:///Users/michelleeidschun/ghostspeak-1/node_modules/@vitest/runner/dist/chunk-hooks.js:752:20"],"meta":{}},{"ancestorTitles":["ElGamal API Structure","Constants"],"fullName":"ElGamal API Structure Constants should export correct maximum decryptable value","status":"failed","title":"should export correct maximum decryptable value","duration":0.05124999999952706,"failureMessages":["Error: Cannot find module '../../src/utils/elgamal.js' imported from '/Users/michelleeidschun/ghostspeak-1/packages/sdk-typescript/tests/unit/crypto/elgamal-api.test.ts'\n    at VitestExecutor._fetchModule (file:///Users/michelleeidschun/ghostspeak-1/node_modules/vite-node/dist/client.mjs:247:19)\n    at VitestExecutor.directRequest (file:///Users/michelleeidschun/ghostspeak-1/node_modules/vite-node/dist/client.mjs:268:44)\n    at VitestExecutor.cachedRequest (file:///Users/michelleeidschun/ghostspeak-1/node_modules/vite-node/dist/client.mjs:189:11)\n    at VitestExecutor.dependencyRequest (file:///Users/michelleeidschun/ghostspeak-1/node_modules/vite-node/dist/client.mjs:239:10)\n    at /Users/michelleeidschun/ghostspeak-1/packages/sdk-typescript/tests/unit/crypto/elgamal-api.test.ts:9:29\n    at file:///Users/michelleeidschun/ghostspeak-1/node_modules/@vitest/runner/dist/chunk-hooks.js:752:20"],"meta":{}}],"startTime":1753571778425,"endTime":1753571778429.1035,"status":"failed","message":"","name":"/Users/michelleeidschun/ghostspeak-1/packages/sdk-typescript/tests/unit/crypto/elgamal-api.test.ts"},{"assertionResults":[{"ancestorTitles":["ElGamal Complete Implementation","Key Generation"],"fullName":"ElGamal Complete Implementation Key Generation should generate valid ElGamal keypair","status":"passed","title":"should generate valid ElGamal keypair","duration":22.301541999999927,"failureMessages":[],"meta":{}},{"ancestorTitles":["ElGamal Complete Implementation","Key Generation"],"fullName":"ElGamal Complete Implementation Key Generation should generate deterministic keypair from seed","status":"passed","title":"should generate deterministic keypair from seed","duration":1.1545419999999922,"failureMessages":[],"meta":{}},{"ancestorTitles":["ElGamal Complete Implementation","Key Generation"],"fullName":"ElGamal Complete Implementation Key Generation should derive public key from secret key","status":"passed","title":"should derive public key from secret key","duration":0.5594169999999394,"failureMessages":[],"meta":{}},{"ancestorTitles":["ElGamal Complete Implementation","Encryption/Decryption"],"fullName":"ElGamal Complete Implementation Encryption/Decryption should encrypt and decrypt amounts","status":"passed","title":"should encrypt and decrypt amounts","duration":139.82270800000015,"failureMessages":[],"meta":{}},{"ancestorTitles":["ElGamal Complete Implementation","Encryption/Decryption"],"fullName":"ElGamal Complete Implementation Encryption/Decryption should fail to decrypt with wrong secret key","status":"passed","title":"should fail to decrypt with wrong secret key","duration":113.40224999999987,"failureMessages":[],"meta":{}},{"ancestorTitles":["ElGamal Complete Implementation","Encryption/Decryption"],"fullName":"ElGamal Complete Implementation Encryption/Decryption should return randomness with encryptAmountWithRandomness","status":"passed","title":"should return randomness with encryptAmountWithRandomness","duration":17.02241600000025,"failureMessages":[],"meta":{}},{"ancestorTitles":["ElGamal Complete Implementation","Bulletproof Generation"],"fullName":"ElGamal Complete Implementation Bulletproof Generation should generate and verify bulletproof","status":"passed","title":"should generate and verify bulletproof","duration":101.83533399999988,"failureMessages":[],"meta":{}},{"ancestorTitles":["ElGamal Complete Implementation","Bulletproof Generation"],"fullName":"ElGamal Complete Implementation Bulletproof Generation should generate different size proofs based on amount","status":"passed","title":"should generate different size proofs based on amount","duration":178.38062500000024,"failureMessages":[],"meta":{}},{"ancestorTitles":["ElGamal Complete Implementation","Range Proofs"],"fullName":"ElGamal Complete Implementation Range Proofs should generate and verify range proof","status":"passed","title":"should generate and verify range proof","duration":99.62287500000002,"failureMessages":[],"meta":{}},{"ancestorTitles":["ElGamal Complete Implementation","Range Proofs"],"fullName":"ElGamal Complete Implementation Range Proofs should reject range proof for negative amount","status":"passed","title":"should reject range proof for negative amount","duration":0.6759999999999309,"failureMessages":[],"meta":{}},{"ancestorTitles":["ElGamal Complete Implementation","Range Proofs"],"fullName":"ElGamal Complete Implementation Range Proofs should reject range proof for amount exceeding 64 bits","status":"passed","title":"should reject range proof for amount exceeding 64 bits","duration":0.3705840000002354,"failureMessages":[],"meta":{}},{"ancestorTitles":["ElGamal Complete Implementation","Validity Proofs"],"fullName":"ElGamal Complete Implementation Validity Proofs should generate validity proof","status":"passed","title":"should generate validity proof","duration":5.053583999999773,"failureMessages":[],"meta":{}},{"ancestorTitles":["ElGamal Complete Implementation","Equality Proofs"],"fullName":"ElGamal Complete Implementation Equality Proofs should generate equality proof for same amounts","status":"passed","title":"should generate equality proof for same amounts","duration":5.6359590000001845,"failureMessages":[],"meta":{}},{"ancestorTitles":["ElGamal Complete Implementation","Transfer Proofs"],"fullName":"ElGamal Complete Implementation Transfer Proofs should generate complete transfer proof","status":"passed","title":"should generate complete transfer proof","duration":2397.2341670000005,"failureMessages":[],"meta":{}},{"ancestorTitles":["ElGamal Complete Implementation","Transfer Proofs"],"fullName":"ElGamal Complete Implementation Transfer Proofs should generate transfer validity proof","status":"passed","title":"should generate transfer validity proof","duration":2.104041999999936,"failureMessages":[],"meta":{}},{"ancestorTitles":["ElGamal Complete Implementation","Transfer Proofs"],"fullName":"ElGamal Complete Implementation Transfer Proofs should generate transfer equality proof","status":"passed","title":"should generate transfer equality proof","duration":6.878874999999425,"failureMessages":[],"meta":{}},{"ancestorTitles":["ElGamal Complete Implementation","Withdrawal Proofs"],"fullName":"ElGamal Complete Implementation Withdrawal Proofs should generate withdrawal proof","status":"passed","title":"should generate withdrawal proof","duration":1605.029375,"failureMessages":[],"meta":{}},{"ancestorTitles":["ElGamal Complete Implementation","Helper Utilities"],"fullName":"ElGamal Complete Implementation Helper Utilities should create Pedersen commitment from amount","status":"passed","title":"should create Pedersen commitment from amount","duration":2.0035420000003796,"failureMessages":[],"meta":{}},{"ancestorTitles":["ElGamal Complete Implementation","Helper Utilities"],"fullName":"ElGamal Complete Implementation Helper Utilities should serialize and deserialize ciphertexts","status":"passed","title":"should serialize and deserialize ciphertexts","duration":631.0137919999997,"failureMessages":[],"meta":{}},{"ancestorTitles":["ElGamal Complete Implementation","Performance Characteristics"],"fullName":"ElGamal Complete Implementation Performance Characteristics should meet performance targets for critical operations","status":"passed","title":"should meet performance targets for critical operations","duration":16.166041999999834,"failureMessages":[],"meta":{}},{"ancestorTitles":["ElGamal Complete Implementation","Performance Characteristics"],"fullName":"ElGamal Complete Implementation Performance Characteristics should benchmark proof generation","status":"passed","title":"should benchmark proof generation","duration":92.60679100000016,"failureMessages":[],"meta":{}},{"ancestorTitles":["ElGamal Complete Implementation","Edge Cases"],"fullName":"ElGamal Complete Implementation Edge Cases should handle zero amount encryption","status":"passed","title":"should handle zero amount encryption","duration":3.106249999999818,"failureMessages":[],"meta":{}},{"ancestorTitles":["ElGamal Complete Implementation","Edge Cases"],"fullName":"ElGamal Complete Implementation Edge Cases should handle maximum safe amounts","status":"passed","title":"should handle maximum safe amounts","duration":1.8940000000002328,"failureMessages":[],"meta":{}},{"ancestorTitles":["ElGamal Complete Implementation","Edge Cases"],"fullName":"ElGamal Complete Implementation Edge Cases should produce different ciphertexts for same amount","status":"passed","title":"should produce different ciphertexts for same amount","duration":28.940625000000182,"failureMessages":[],"meta":{}},{"ancestorTitles":["ElGamal Complete Implementation","Security Properties"],"fullName":"ElGamal Complete Implementation Security Properties should maintain semantic security","status":"passed","title":"should maintain semantic security","duration":39.17241700000068,"failureMessages":[],"meta":{}},{"ancestorTitles":["ElGamal Complete Implementation","Security Properties"],"fullName":"ElGamal Complete Implementation Security Properties should verify proof soundness","status":"passed","title":"should verify proof soundness","duration":106.14658400000008,"failureMessages":[],"meta":{}},{"ancestorTitles":["ElGamal Complete Implementation","ElGamal Helper Object"],"fullName":"ElGamal Complete Implementation ElGamal Helper Object should verify range proofs","status":"passed","title":"should verify range proofs","duration":103.86574999999993,"failureMessages":[],"meta":{}},{"ancestorTitles":["ElGamal Complete Implementation","ElGamal Helper Object"],"fullName":"ElGamal Complete Implementation ElGamal Helper Object should verify validity proofs","status":"passed","title":"should verify validity proofs","duration":4.547082999999475,"failureMessages":[],"meta":{}},{"ancestorTitles":["ElGamal Complete Implementation","ElGamal Helper Object"],"fullName":"ElGamal Complete Implementation ElGamal Helper Object should verify equality proofs","status":"passed","title":"should verify equality proofs","duration":5.0784169999997175,"failureMessages":[],"meta":{}}],"startTime":1753571775385,"endTime":1753571781118.0784,"status":"passed","message":"","name":"/Users/michelleeidschun/ghostspeak-1/packages/sdk-typescript/tests/unit/crypto/elgamal-complete.test.ts"},{"assertionResults":[],"startTime":1753571773724,"endTime":1753571773724,"status":"failed","message":"Cannot find module '../../src/utils/elgamal.js' imported from '/Users/michelleeidschun/ghostspeak-1/packages/sdk-typescript/tests/unit/crypto/elgamal-lite.test.ts'","name":"/Users/michelleeidschun/ghostspeak-1/packages/sdk-typescript/tests/unit/crypto/elgamal-lite.test.ts"},{"assertionResults":[{"ancestorTitles":["ElGamal WASM-Optimized Engine","Engine Configuration"],"fullName":"ElGamal WASM-Optimized Engine Engine Configuration should create engine with default configuration","status":"passed","title":"should create engine with default configuration","duration":0.8994999999999891,"failureMessages":[],"meta":{}},{"ancestorTitles":["ElGamal WASM-Optimized Engine","Engine Configuration"],"fullName":"ElGamal WASM-Optimized Engine Engine Configuration should create engine with custom configuration","status":"passed","title":"should create engine with custom configuration","duration":0.13425000000006548,"failureMessages":[],"meta":{}},{"ancestorTitles":["ElGamal WASM-Optimized Engine","Engine Configuration"],"fullName":"ElGamal WASM-Optimized Engine Engine Configuration should update configuration based on browser capabilities","status":"failed","title":"should update configuration based on browser capabilities","duration":2.3886249999999336,"failureMessages":["TypeError: Cannot read properties of undefined (reading 'getConfig')\n    at WasmOptimizedElGamalEngine.initialize (/Users/michelleeidschun/ghostspeak-1/packages/sdk-typescript/src/utils/elgamal-wasm-optimized.ts:140:41)\n    at /Users/michelleeidschun/ghostspeak-1/packages/sdk-typescript/tests/unit/crypto/elgamal-wasm-optimized.test.ts:117:7\n    at file:///Users/michelleeidschun/ghostspeak-1/node_modules/@vitest/runner/dist/chunk-hooks.js:752:20"],"meta":{}},{"ancestorTitles":["ElGamal WASM-Optimized Engine","Engine Initialization"],"fullName":"ElGamal WASM-Optimized Engine Engine Initialization should initialize successfully with WASM available","status":"failed","title":"should initialize successfully with WASM available","duration":0.17645900000002257,"failureMessages":["TypeError: Cannot read properties of undefined (reading 'getConfig')\n    at WasmOptimizedElGamalEngine.initialize (/Users/michelleeidschun/ghostspeak-1/packages/sdk-typescript/src/utils/elgamal-wasm-optimized.ts:140:41)\n    at /Users/michelleeidschun/ghostspeak-1/packages/sdk-typescript/tests/unit/crypto/elgamal-wasm-optimized.test.ts:129:7\n    at file:///Users/michelleeidschun/ghostspeak-1/node_modules/@vitest/runner/dist/chunk-hooks.js:752:20"],"meta":{}},{"ancestorTitles":["ElGamal WASM-Optimized Engine","Engine Initialization"],"fullName":"ElGamal WASM-Optimized Engine Engine Initialization should initialize with WASM disabled when forced to JavaScript","status":"failed","title":"should initialize with WASM disabled when forced to JavaScript","duration":0.16258300000004056,"failureMessages":["TypeError: Cannot read properties of undefined (reading 'getConfig')\n    at WasmOptimizedElGamalEngine.initialize (/Users/michelleeidschun/ghostspeak-1/packages/sdk-typescript/src/utils/elgamal-wasm-optimized.ts:140:41)\n    at /Users/michelleeidschun/ghostspeak-1/packages/sdk-typescript/tests/unit/crypto/elgamal-wasm-optimized.test.ts:138:7\n    at file:///Users/michelleeidschun/ghostspeak-1/node_modules/@vitest/runner/dist/chunk-hooks.js:752:20"],"meta":{}},{"ancestorTitles":["ElGamal WASM-Optimized Engine","Engine Initialization"],"fullName":"ElGamal WASM-Optimized Engine Engine Initialization should handle browser compatibility initialization failure","status":"failed","title":"should handle browser compatibility initialization failure","duration":1.2279999999999518,"failureMessages":["Error: promise rejected \"TypeError: Cannot read properties of unde…\" instead of resolving\n    at _Assertion.__VITEST_RESOLVES__ (file:///Users/michelleeidschun/ghostspeak-1/node_modules/@vitest/expect/dist/index.js:1577:17)\n    at _Assertion.propertyGetter (file:///Users/michelleeidschun/ghostspeak-1/node_modules/chai/chai.js:1577:27)\n    at Reflect.get (<anonymous>)\n    at Object.proxyGetter [as get] (file:///Users/michelleeidschun/ghostspeak-1/node_modules/chai/chai.js:1665:22)\n    at /Users/michelleeidschun/ghostspeak-1/packages/sdk-typescript/tests/unit/crypto/elgamal-wasm-optimized.test.ts:156:39\n    at file:///Users/michelleeidschun/ghostspeak-1/node_modules/@vitest/runner/dist/chunk-hooks.js:155:11\n    at file:///Users/michelleeidschun/ghostspeak-1/node_modules/@vitest/runner/dist/chunk-hooks.js:752:26\n    at file:///Users/michelleeidschun/ghostspeak-1/node_modules/@vitest/runner/dist/chunk-hooks.js:1897:20\n    at new Promise (<anonymous>)\n    at runWithTimeout (file:///Users/michelleeidschun/ghostspeak-1/node_modules/@vitest/runner/dist/chunk-hooks.js:1863:10)"],"meta":{}},{"ancestorTitles":["ElGamal WASM-Optimized Engine","Engine Initialization"],"fullName":"ElGamal WASM-Optimized Engine Engine Initialization should only initialize once","status":"failed","title":"should only initialize once","duration":0.17970900000000256,"failureMessages":["TypeError: Cannot read properties of undefined (reading 'getConfig')\n    at WasmOptimizedElGamalEngine.initialize (/Users/michelleeidschun/ghostspeak-1/packages/sdk-typescript/src/utils/elgamal-wasm-optimized.ts:140:41)\n    at /Users/michelleeidschun/ghostspeak-1/packages/sdk-typescript/tests/unit/crypto/elgamal-wasm-optimized.test.ts:162:7\n    at file:///Users/michelleeidschun/ghostspeak-1/node_modules/@vitest/runner/dist/chunk-hooks.js:752:20"],"meta":{}},{"ancestorTitles":["ElGamal WASM-Optimized Engine","Keypair Generation"],"fullName":"ElGamal WASM-Optimized Engine Keypair Generation should generate keypair with WASM","status":"failed","title":"should generate keypair with WASM","duration":0.13179200000001856,"failureMessages":["TypeError: Cannot read properties of undefined (reading 'getConfig')\n    at WasmOptimizedElGamalEngine.initialize (/Users/michelleeidschun/ghostspeak-1/packages/sdk-typescript/src/utils/elgamal-wasm-optimized.ts:140:41)\n    at /Users/michelleeidschun/ghostspeak-1/packages/sdk-typescript/tests/unit/crypto/elgamal-wasm-optimized.test.ts:173:7"],"meta":{}},{"ancestorTitles":["ElGamal WASM-Optimized Engine","Keypair Generation"],"fullName":"ElGamal WASM-Optimized Engine Keypair Generation should fallback to JavaScript on WASM failure","status":"failed","title":"should fallback to JavaScript on WASM failure","duration":0.13787500000000819,"failureMessages":["TypeError: Cannot read properties of undefined (reading 'getConfig')\n    at WasmOptimizedElGamalEngine.initialize (/Users/michelleeidschun/ghostspeak-1/packages/sdk-typescript/src/utils/elgamal-wasm-optimized.ts:140:41)\n    at /Users/michelleeidschun/ghostspeak-1/packages/sdk-typescript/tests/unit/crypto/elgamal-wasm-optimized.test.ts:173:7"],"meta":{}},{"ancestorTitles":["ElGamal WASM-Optimized Engine","Keypair Generation"],"fullName":"ElGamal WASM-Optimized Engine Keypair Generation should use seed when provided","status":"failed","title":"should use seed when provided","duration":0.1490840000000162,"failureMessages":["TypeError: Cannot read properties of undefined (reading 'getConfig')\n    at WasmOptimizedElGamalEngine.initialize (/Users/michelleeidschun/ghostspeak-1/packages/sdk-typescript/src/utils/elgamal-wasm-optimized.ts:140:41)\n    at /Users/michelleeidschun/ghostspeak-1/packages/sdk-typescript/tests/unit/crypto/elgamal-wasm-optimized.test.ts:173:7"],"meta":{}},{"ancestorTitles":["ElGamal WASM-Optimized Engine","Keypair Generation"],"fullName":"ElGamal WASM-Optimized Engine Keypair Generation should record performance metrics","status":"failed","title":"should record performance metrics","duration":0.10979199999997036,"failureMessages":["TypeError: Cannot read properties of undefined (reading 'getConfig')\n    at WasmOptimizedElGamalEngine.initialize (/Users/michelleeidschun/ghostspeak-1/packages/sdk-typescript/src/utils/elgamal-wasm-optimized.ts:140:41)\n    at /Users/michelleeidschun/ghostspeak-1/packages/sdk-typescript/tests/unit/crypto/elgamal-wasm-optimized.test.ts:173:7"],"meta":{}},{"ancestorTitles":["ElGamal WASM-Optimized Engine","Encryption Operations"],"fullName":"ElGamal WASM-Optimized Engine Encryption Operations should encrypt amount with WASM","status":"failed","title":"should encrypt amount with WASM","duration":0.10341700000003584,"failureMessages":["TypeError: Cannot read properties of undefined (reading 'getConfig')\n    at WasmOptimizedElGamalEngine.initialize (/Users/michelleeidschun/ghostspeak-1/packages/sdk-typescript/src/utils/elgamal-wasm-optimized.ts:140:41)\n    at /Users/michelleeidschun/ghostspeak-1/packages/sdk-typescript/tests/unit/crypto/elgamal-wasm-optimized.test.ts:224:7"],"meta":{}},{"ancestorTitles":["ElGamal WASM-Optimized Engine","Encryption Operations"],"fullName":"ElGamal WASM-Optimized Engine Encryption Operations should handle encryption without randomness","status":"failed","title":"should handle encryption without randomness","duration":0.10366599999997561,"failureMessages":["TypeError: Cannot read properties of undefined (reading 'getConfig')\n    at WasmOptimizedElGamalEngine.initialize (/Users/michelleeidschun/ghostspeak-1/packages/sdk-typescript/src/utils/elgamal-wasm-optimized.ts:140:41)\n    at /Users/michelleeidschun/ghostspeak-1/packages/sdk-typescript/tests/unit/crypto/elgamal-wasm-optimized.test.ts:224:7"],"meta":{}},{"ancestorTitles":["ElGamal WASM-Optimized Engine","Encryption Operations"],"fullName":"ElGamal WASM-Optimized Engine Encryption Operations should fallback to JavaScript on WASM failure","status":"failed","title":"should fallback to JavaScript on WASM failure","duration":0.14249999999992724,"failureMessages":["TypeError: Cannot read properties of undefined (reading 'getConfig')\n    at WasmOptimizedElGamalEngine.initialize (/Users/michelleeidschun/ghostspeak-1/packages/sdk-typescript/src/utils/elgamal-wasm-optimized.ts:140:41)\n    at /Users/michelleeidschun/ghostspeak-1/packages/sdk-typescript/tests/unit/crypto/elgamal-wasm-optimized.test.ts:224:7"],"meta":{}},{"ancestorTitles":["ElGamal WASM-Optimized Engine","Encryption Operations"],"fullName":"ElGamal WASM-Optimized Engine Encryption Operations should respect forceImplementation setting","status":"failed","title":"should respect forceImplementation setting","duration":0.09616700000003675,"failureMessages":["TypeError: Cannot read properties of undefined (reading 'getConfig')\n    at WasmOptimizedElGamalEngine.initialize (/Users/michelleeidschun/ghostspeak-1/packages/sdk-typescript/src/utils/elgamal-wasm-optimized.ts:140:41)\n    at /Users/michelleeidschun/ghostspeak-1/packages/sdk-typescript/tests/unit/crypto/elgamal-wasm-optimized.test.ts:224:7"],"meta":{}},{"ancestorTitles":["ElGamal WASM-Optimized Engine","Batch Encryption"],"fullName":"ElGamal WASM-Optimized Engine Batch Encryption should batch encrypt with WASM optimization","status":"failed","title":"should batch encrypt with WASM optimization","duration":0.09595799999999599,"failureMessages":["TypeError: Cannot read properties of undefined (reading 'getConfig')\n    at WasmOptimizedElGamalEngine.initialize (/Users/michelleeidschun/ghostspeak-1/packages/sdk-typescript/src/utils/elgamal-wasm-optimized.ts:140:41)\n    at /Users/michelleeidschun/ghostspeak-1/packages/sdk-typescript/tests/unit/crypto/elgamal-wasm-optimized.test.ts:270:7"],"meta":{}},{"ancestorTitles":["ElGamal WASM-Optimized Engine","Batch Encryption"],"fullName":"ElGamal WASM-Optimized Engine Batch Encryption should use sequential encryption for small batches","status":"failed","title":"should use sequential encryption for small batches","duration":0.08849999999995362,"failureMessages":["TypeError: Cannot read properties of undefined (reading 'getConfig')\n    at WasmOptimizedElGamalEngine.initialize (/Users/michelleeidschun/ghostspeak-1/packages/sdk-typescript/src/utils/elgamal-wasm-optimized.ts:140:41)\n    at /Users/michelleeidschun/ghostspeak-1/packages/sdk-typescript/tests/unit/crypto/elgamal-wasm-optimized.test.ts:270:7"],"meta":{}},{"ancestorTitles":["ElGamal WASM-Optimized Engine","Batch Encryption"],"fullName":"ElGamal WASM-Optimized Engine Batch Encryption should calculate correct speedup factor","status":"failed","title":"should calculate correct speedup factor","duration":0.09258299999999053,"failureMessages":["TypeError: Cannot read properties of undefined (reading 'getConfig')\n    at WasmOptimizedElGamalEngine.initialize (/Users/michelleeidschun/ghostspeak-1/packages/sdk-typescript/src/utils/elgamal-wasm-optimized.ts:140:41)\n    at /Users/michelleeidschun/ghostspeak-1/packages/sdk-typescript/tests/unit/crypto/elgamal-wasm-optimized.test.ts:270:7"],"meta":{}},{"ancestorTitles":["ElGamal WASM-Optimized Engine","Batch Encryption"],"fullName":"ElGamal WASM-Optimized Engine Batch Encryption should handle batch encryption failure gracefully","status":"failed","title":"should handle batch encryption failure gracefully","duration":0.08866699999998673,"failureMessages":["TypeError: Cannot read properties of undefined (reading 'getConfig')\n    at WasmOptimizedElGamalEngine.initialize (/Users/michelleeidschun/ghostspeak-1/packages/sdk-typescript/src/utils/elgamal-wasm-optimized.ts:140:41)\n    at /Users/michelleeidschun/ghostspeak-1/packages/sdk-typescript/tests/unit/crypto/elgamal-wasm-optimized.test.ts:270:7"],"meta":{}},{"ancestorTitles":["ElGamal WASM-Optimized Engine","Decryption Operations"],"fullName":"ElGamal WASM-Optimized Engine Decryption Operations should decrypt amount using JavaScript","status":"failed","title":"should decrypt amount using JavaScript","duration":0.109375,"failureMessages":["TypeError: Cannot read properties of undefined (reading 'getConfig')\n    at WasmOptimizedElGamalEngine.initialize (/Users/michelleeidschun/ghostspeak-1/packages/sdk-typescript/src/utils/elgamal-wasm-optimized.ts:140:41)\n    at /Users/michelleeidschun/ghostspeak-1/packages/sdk-typescript/tests/unit/crypto/elgamal-wasm-optimized.test.ts:326:7"],"meta":{}},{"ancestorTitles":["ElGamal WASM-Optimized Engine","Decryption Operations"],"fullName":"ElGamal WASM-Optimized Engine Decryption Operations should record decryption performance","status":"failed","title":"should record decryption performance","duration":0.12587500000006457,"failureMessages":["TypeError: Cannot read properties of undefined (reading 'getConfig')\n    at WasmOptimizedElGamalEngine.initialize (/Users/michelleeidschun/ghostspeak-1/packages/sdk-typescript/src/utils/elgamal-wasm-optimized.ts:140:41)\n    at /Users/michelleeidschun/ghostspeak-1/packages/sdk-typescript/tests/unit/crypto/elgamal-wasm-optimized.test.ts:326:7"],"meta":{}},{"ancestorTitles":["ElGamal WASM-Optimized Engine","Range Proof Generation"],"fullName":"ElGamal WASM-Optimized Engine Range Proof Generation should generate range proof with WASM","status":"failed","title":"should generate range proof with WASM","duration":0.11145799999997053,"failureMessages":["TypeError: Cannot read properties of undefined (reading 'getConfig')\n    at WasmOptimizedElGamalEngine.initialize (/Users/michelleeidschun/ghostspeak-1/packages/sdk-typescript/src/utils/elgamal-wasm-optimized.ts:140:41)\n    at /Users/michelleeidschun/ghostspeak-1/packages/sdk-typescript/tests/unit/crypto/elgamal-wasm-optimized.test.ts:356:7"],"meta":{}},{"ancestorTitles":["ElGamal WASM-Optimized Engine","Range Proof Generation"],"fullName":"ElGamal WASM-Optimized Engine Range Proof Generation should warn about slow range proof generation","status":"failed","title":"should warn about slow range proof generation","duration":0.0956660000000511,"failureMessages":["TypeError: Cannot read properties of undefined (reading 'getConfig')\n    at WasmOptimizedElGamalEngine.initialize (/Users/michelleeidschun/ghostspeak-1/packages/sdk-typescript/src/utils/elgamal-wasm-optimized.ts:140:41)\n    at /Users/michelleeidschun/ghostspeak-1/packages/sdk-typescript/tests/unit/crypto/elgamal-wasm-optimized.test.ts:356:7"],"meta":{}},{"ancestorTitles":["ElGamal WASM-Optimized Engine","Range Proof Generation"],"fullName":"ElGamal WASM-Optimized Engine Range Proof Generation should disable warning when profiling is disabled","status":"failed","title":"should disable warning when profiling is disabled","duration":0.11608299999988958,"failureMessages":["TypeError: Cannot read properties of undefined (reading 'getConfig')\n    at WasmOptimizedElGamalEngine.initialize (/Users/michelleeidschun/ghostspeak-1/packages/sdk-typescript/src/utils/elgamal-wasm-optimized.ts:140:41)\n    at /Users/michelleeidschun/ghostspeak-1/packages/sdk-typescript/tests/unit/crypto/elgamal-wasm-optimized.test.ts:356:7"],"meta":{}},{"ancestorTitles":["ElGamal WASM-Optimized Engine","Batch Range Proof Generation"],"fullName":"ElGamal WASM-Optimized Engine Batch Range Proof Generation should batch generate range proofs with WASM","status":"failed","title":"should batch generate range proofs with WASM","duration":0.10329200000001038,"failureMessages":["TypeError: Cannot read properties of undefined (reading 'getConfig')\n    at WasmOptimizedElGamalEngine.initialize (/Users/michelleeidschun/ghostspeak-1/packages/sdk-typescript/src/utils/elgamal-wasm-optimized.ts:140:41)\n    at /Users/michelleeidschun/ghostspeak-1/packages/sdk-typescript/tests/unit/crypto/elgamal-wasm-optimized.test.ts:415:7"],"meta":{}},{"ancestorTitles":["ElGamal WASM-Optimized Engine","Batch Range Proof Generation"],"fullName":"ElGamal WASM-Optimized Engine Batch Range Proof Generation should calculate higher speedup for range proofs","status":"failed","title":"should calculate higher speedup for range proofs","duration":0.09945799999991323,"failureMessages":["TypeError: Cannot read properties of undefined (reading 'getConfig')\n    at WasmOptimizedElGamalEngine.initialize (/Users/michelleeidschun/ghostspeak-1/packages/sdk-typescript/src/utils/elgamal-wasm-optimized.ts:140:41)\n    at /Users/michelleeidschun/ghostspeak-1/packages/sdk-typescript/tests/unit/crypto/elgamal-wasm-optimized.test.ts:415:7"],"meta":{}},{"ancestorTitles":["ElGamal WASM-Optimized Engine","Transfer Proof Generation"],"fullName":"ElGamal WASM-Optimized Engine Transfer Proof Generation should generate transfer proof using JavaScript","status":"failed","title":"should generate transfer proof using JavaScript","duration":0.10900000000003729,"failureMessages":["TypeError: Cannot read properties of undefined (reading 'getConfig')\n    at WasmOptimizedElGamalEngine.initialize (/Users/michelleeidschun/ghostspeak-1/packages/sdk-typescript/src/utils/elgamal-wasm-optimized.ts:140:41)\n    at /Users/michelleeidschun/ghostspeak-1/packages/sdk-typescript/tests/unit/crypto/elgamal-wasm-optimized.test.ts:452:7"],"meta":{}},{"ancestorTitles":["ElGamal WASM-Optimized Engine","Performance Statistics"],"fullName":"ElGamal WASM-Optimized Engine Performance Statistics should track performance statistics","status":"failed","title":"should track performance statistics","duration":0.1253749999999627,"failureMessages":["TypeError: Cannot read properties of undefined (reading 'getConfig')\n    at WasmOptimizedElGamalEngine.initialize (/Users/michelleeidschun/ghostspeak-1/packages/sdk-typescript/src/utils/elgamal-wasm-optimized.ts:140:41)\n    at /Users/michelleeidschun/ghostspeak-1/packages/sdk-typescript/tests/unit/crypto/elgamal-wasm-optimized.test.ts:475:7"],"meta":{}},{"ancestorTitles":["ElGamal WASM-Optimized Engine","Performance Statistics"],"fullName":"ElGamal WASM-Optimized Engine Performance Statistics should calculate operation breakdown correctl
[...]
","AccountDecoder"],"fullName":"RPC Client Utilities AccountDecoder should throw on invalid data format","status":"passed","title":"should throw on invalid data format","duration":0.35104200000000674,"failureMessages":[],"meta":{}},{"ancestorTitles":["RPC Client Utilities","TransactionHelpers"],"fullName":"RPC Client Utilities TransactionHelpers should calculate transaction size correctly","status":"passed","title":"should calculate transaction size correctly","duration":0.061583000000041466,"failureMessages":[],"meta":{}},{"ancestorTitles":["RPC Client Utilities","TransactionHelpers"],"fullName":"RPC Client Utilities TransactionHelpers should estimate transaction fees","status":"passed","title":"should estimate transaction fees","duration":0.047541000000023814,"failureMessages":[],"meta":{}},{"ancestorTitles":["RPC Client Utilities","TransactionHelpers"],"fullName":"RPC Client Utilities TransactionHelpers should check if transaction fits in single packet","status":"passed","title":"should check if transaction fits in single packet","duration":0.07354099999997743,"failureMessages":[],"meta":{}},{"ancestorTitles":["RPC Client Utilities","AccountUtils"],"fullName":"RPC Client Utilities AccountUtils should check if account is executable","status":"passed","title":"should check if account is executable","duration":0.06837499999994634,"failureMessages":[],"meta":{}},{"ancestorTitles":["RPC Client Utilities","AccountUtils"],"fullName":"RPC Client Utilities AccountUtils should check account ownership","status":"passed","title":"should check account ownership","duration":0.06858299999998962,"failureMessages":[],"meta":{}},{"ancestorTitles":["RPC Client Utilities","AccountUtils"],"fullName":"RPC Client Utilities AccountUtils should check sufficient balance","status":"passed","title":"should check sufficient balance","duration":0.043416999999976724,"failureMessages":[],"meta":{}},{"ancestorTitles":["RPC Client Utilities","AccountUtils"],"fullName":"RPC Client Utilities AccountUtils should identify parsed account data","status":"passed","title":"should identify parsed account data","duration":0.05904099999997925,"failureMessages":[],"meta":{}},{"ancestorTitles":["RPC Client Utilities","AccountUtils"],"fullName":"RPC Client Utilities AccountUtils should extract parsed data safely","status":"passed","title":"should extract parsed data safely","duration":0.05124999999998181,"failureMessages":[],"meta":{}},{"ancestorTitles":["RPC Client Utilities","CommitmentUtils"],"fullName":"RPC Client Utilities CommitmentUtils should check commitment subsumption","status":"passed","title":"should check commitment subsumption","duration":0.05475000000001273,"failureMessages":[],"meta":{}},{"ancestorTitles":["RPC Client Utilities","CommitmentUtils"],"fullName":"RPC Client Utilities CommitmentUtils should get stronger commitment","status":"passed","title":"should get stronger commitment","duration":0.040249999999900865,"failureMessages":[],"meta":{}},{"ancestorTitles":["RPC Client Utilities","CommitmentUtils"],"fullName":"RPC Client Utilities CommitmentUtils should wait for commitment level","status":"passed","title":"should wait for commitment level","duration":55.744792000000075,"failureMessages":[],"meta":{}},{"ancestorTitles":["RPC Client Utilities","CommitmentUtils"],"fullName":"RPC Client Utilities CommitmentUtils should timeout waiting for commitment","status":"passed","title":"should timeout waiting for commitment","duration":110.22833400000002,"failureMessages":[],"meta":{}},{"ancestorTitles":["RPC Client Utilities","RetryUtils"],"fullName":"RPC Client Utilities RetryUtils should retry with exponential backoff","status":"passed","title":"should retry with exponential backoff","duration":32.504499999999894,"failureMessages":[],"meta":{}},{"ancestorTitles":["RPC Client Utilities","RetryUtils"],"fullName":"RPC Client Utilities RetryUtils should identify retryable errors","status":"passed","title":"should identify retryable errors","duration":0.14475000000004457,"failureMessages":[],"meta":{}},{"ancestorTitles":["RPC Client Utilities","RetryUtils"],"fullName":"RPC Client Utilities RetryUtils should retry with linear backoff","status":"passed","title":"should retry with linear backoff","duration":11.198292000000038,"failureMessages":[],"meta":{}},{"ancestorTitles":["RPC Client Utilities","RetryUtils"],"fullName":"RPC Client Utilities RetryUtils should not retry non-retryable errors","status":"passed","title":"should not retry non-retryable errors","duration":0.1602500000000191,"failureMessages":[],"meta":{}},{"ancestorTitles":["RPC Client Utilities","AddressUtils"],"fullName":"RPC Client Utilities AddressUtils should validate Solana addresses","status":"passed","title":"should validate Solana addresses","duration":0.154042000000004,"failureMessages":[],"meta":{}},{"ancestorTitles":["RPC Client Utilities","AddressUtils"],"fullName":"RPC Client Utilities AddressUtils should validate transaction signatures","status":"passed","title":"should validate transaction signatures","duration":0.07145900000000438,"failureMessages":[],"meta":{}},{"ancestorTitles":["RPC Client Utilities","AddressUtils"],"fullName":"RPC Client Utilities AddressUtils should normalize addresses","status":"passed","title":"should normalize addresses","duration":0.08445799999992687,"failureMessages":[],"meta":{}},{"ancestorTitles":["RPC Client Utilities","AddressUtils"],"fullName":"RPC Client Utilities AddressUtils should identify special programs","status":"passed","title":"should identify special programs","duration":0.1652919999999085,"failureMessages":[],"meta":{}},{"ancestorTitles":["RPC Client Utilities","LamportsUtils"],"fullName":"RPC Client Utilities LamportsUtils should convert SOL to lamports","status":"passed","title":"should convert SOL to lamports","duration":0.10333300000002055,"failureMessages":[],"meta":{}},{"ancestorTitles":["RPC Client Utilities","LamportsUtils"],"fullName":"RPC Client Utilities LamportsUtils should convert lamports to SOL","status":"passed","title":"should convert lamports to SOL","duration":0.10220800000001873,"failureMessages":[],"meta":{}},{"ancestorTitles":["RPC Client Utilities","LamportsUtils"],"fullName":"RPC Client Utilities LamportsUtils should format lamports as readable string","status":"passed","title":"should format lamports as readable string","duration":0.0810830000000351,"failureMessages":[],"meta":{}},{"ancestorTitles":["RPC Client Utilities","LamportsUtils"],"fullName":"RPC Client Utilities LamportsUtils should validate lamports values","status":"passed","title":"should validate lamports values","duration":0.06858300000010331,"failureMessages":[],"meta":{}},{"ancestorTitles":["RPC Client Utilities","SlotUtils"],"fullName":"RPC Client Utilities SlotUtils should estimate time to slot","status":"passed","title":"should estimate time to slot","duration":0.04870800000003328,"failureMessages":[],"meta":{}},{"ancestorTitles":["RPC Client Utilities","SlotUtils"],"fullName":"RPC Client Utilities SlotUtils should check if slot is recent","status":"passed","title":"should check if slot is recent","duration":0.09220800000002782,"failureMessages":[],"meta":{}},{"ancestorTitles":["RPC Client Utilities","SlotUtils"],"fullName":"RPC Client Utilities SlotUtils should calculate slot range for time period","status":"passed","title":"should calculate slot range for time period","duration":0.06212500000003729,"failureMessages":[],"meta":{}},{"ancestorTitles":["RPC Client Utilities","NetworkUtils"],"fullName":"RPC Client Utilities NetworkUtils should detect network from RPC endpoint","status":"passed","title":"should detect network from RPC endpoint","duration":0.09437500000001364,"failureMessages":[],"meta":{}},{"ancestorTitles":["RPC Client Utilities","NetworkUtils"],"fullName":"RPC Client Utilities NetworkUtils should generate explorer URLs","status":"passed","title":"should generate explorer URLs","duration":0.05741699999998673,"failureMessages":[],"meta":{}},{"ancestorTitles":["RPC Client Utilities","NetworkUtils"],"fullName":"RPC Client Utilities NetworkUtils should check endpoint health","status":"passed","title":"should check endpoint health","duration":1.1509999999999536,"failureMessages":[],"meta":{}},{"ancestorTitles":["RPC Client Utilities","EncodingUtils"],"fullName":"RPC Client Utilities EncodingUtils should convert hex to Uint8Array","status":"passed","title":"should convert hex to Uint8Array","duration":0.24262499999997544,"failureMessages":[],"meta":{}},{"ancestorTitles":["RPC Client Utilities","EncodingUtils"],"fullName":"RPC Client Utilities EncodingUtils should convert Uint8Array to hex","status":"passed","title":"should convert Uint8Array to hex","duration":0.0532500000000482,"failureMessages":[],"meta":{}},{"ancestorTitles":["RPC Client Utilities","EncodingUtils"],"fullName":"RPC Client Utilities EncodingUtils should convert string to Uint8Array","status":"passed","title":"should convert string to Uint8Array","duration":0.057583999999906155,"failureMessages":[],"meta":{}},{"ancestorTitles":["RPC Client Utilities","EncodingUtils"],"fullName":"RPC Client Utilities EncodingUtils should convert Uint8Array to string","status":"passed","title":"should convert Uint8Array to string","duration":0.03662499999995816,"failureMessages":[],"meta":{}},{"ancestorTitles":["RPC Client Utilities","EncodingUtils"],"fullName":"RPC Client Utilities EncodingUtils should validate base64 strings","status":"passed","title":"should validate base64 strings","duration":0.07904199999995853,"failureMessages":[],"meta":{}},{"ancestorTitles":["RPC Client Utilities","EncodingUtils"],"fullName":"RPC Client Utilities EncodingUtils should validate hex strings","status":"passed","title":"should validate hex strings","duration":0.09595799999999599,"failureMessages":[],"meta":{}},{"ancestorTitles":["RPC Client Utilities","RpcBatchProcessor"],"fullName":"RPC Client Utilities RpcBatchProcessor should batch operations efficiently","status":"passed","title":"should batch operations efficiently","duration":60.87658299999998,"failureMessages":[],"meta":{}},{"ancestorTitles":["RPC Client Utilities","RpcBatchProcessor"],"fullName":"RPC Client Utilities RpcBatchProcessor should handle errors in batch operations","status":"passed","title":"should handle errors in batch operations","duration":60.93829200000005,"failureMessages":[],"meta":{}},{"ancestorTitles":["RPC Client Utilities","PdaUtils"],"fullName":"RPC Client Utilities PdaUtils should find PDA with bump","status":"passed","title":"should find PDA with bump","duration":1.7646660000000338,"failureMessages":[],"meta":{}},{"ancestorTitles":["RPC Client Utilities","PdaUtils"],"fullName":"RPC Client Utilities PdaUtils should create PDA with specific bump","status":"passed","title":"should create PDA with specific bump","duration":0.5008749999999509,"failureMessages":[],"meta":{}},{"ancestorTitles":["RPC Client Utilities","PdaUtils"],"fullName":"RPC Client Utilities PdaUtils should derive multiple PDAs efficiently","status":"passed","title":"should derive multiple PDAs efficiently","duration":0.9377910000000611,"failureMessages":[],"meta":{}},{"ancestorTitles":["RPC Client Utilities","Performance and Edge Cases"],"fullName":"RPC Client Utilities Performance and Edge Cases should handle concurrent batch operations","status":"passed","title":"should handle concurrent batch operations","duration":504.0424169999999,"failureMessages":[],"meta":{}},{"ancestorTitles":["RPC Client Utilities","Performance and Edge Cases"],"fullName":"RPC Client Utilities Performance and Edge Cases should handle edge case address lengths","status":"passed","title":"should handle edge case address lengths","duration":0.13949999999999818,"failureMessages":[],"meta":{}},{"ancestorTitles":["RPC Client Utilities","Performance and Edge Cases"],"fullName":"RPC Client Utilities Performance and Edge Cases should handle maximum lamports values","status":"passed","title":"should handle maximum lamports values","duration":0.09429199999999582,"failureMessages":[],"meta":{}}],"startTime":1753571774367,"endTime":1753571775211.1394,"status":"passed","message":"","name":"/Users/michelleeidschun/ghostspeak-1/packages/sdk-typescript/tests/unit/utils/rpc.test.ts"},{"assertionResults":[{"ancestorTitles":["Token-2022 Extensions","Transfer Fee Calculations"],"fullName":"Token-2022 Extensions Transfer Fee Calculations should calculate transfer fees correctly","status":"passed","title":"should calculate transfer fees correctly","duration":0.6302089999999225,"failureMessages":[],"meta":{}},{"ancestorTitles":["Token-2022 Extensions","Transfer Fee Calculations"],"fullName":"Token-2022 Extensions Transfer Fee Calculations should cap fees at maximum amount","status":"passed","title":"should cap fees at maximum amount","duration":0.09362500000042928,"failureMessages":[],"meta":{}},{"ancestorTitles":["Token-2022 Extensions","Transfer Fee Calculations"],"fullName":"Token-2022 Extensions Transfer Fee Calculations should handle zero transfer fee","status":"passed","title":"should handle zero transfer fee","duration":0.06395900000006804,"failureMessages":[],"meta":{}},{"ancestorTitles":["Token-2022 Extensions","Transfer Fee Calculations"],"fullName":"Token-2022 Extensions Transfer Fee Calculations should handle small amounts with fractional fees","status":"passed","title":"should handle small amounts with fractional fees","duration":0.06037500000002183,"failureMessages":[],"meta":{}},{"ancestorTitles":["Token-2022 Extensions","Interest-Bearing Token Calculations"],"fullName":"Token-2022 Extensions Interest-Bearing Token Calculations should calculate compound interest correctly","status":"passed","title":"should calculate compound interest correctly","duration":0.13941700000032142,"failureMessages":[],"meta":{}},{"ancestorTitles":["Token-2022 Extensions","Interest-Bearing Token Calculations"],"fullName":"Token-2022 Extensions Interest-Bearing Token Calculations should handle zero interest rate","status":"passed","title":"should handle zero interest rate","duration":0.06695899999976973,"failureMessages":[],"meta":{}},{"ancestorTitles":["Token-2022 Extensions","Interest-Bearing Token Calculations"],"fullName":"Token-2022 Extensions Interest-Bearing Token Calculations should handle negative interest rates","status":"passed","title":"should handle negative interest rates","duration":0.052792000000408734,"failureMessages":[],"meta":{}},{"ancestorTitles":["Token-2022 Extensions","Interest-Bearing Token Calculations"],"fullName":"Token-2022 Extensions Interest-Bearing Token Calculations should calculate interest for partial time periods","status":"passed","title":"should calculate interest for partial time periods","duration":0.047749999999723514,"failureMessages":[],"meta":{}},{"ancestorTitles":["Token-2022 Extensions","Extension Configuration"],"fullName":"Token-2022 Extensions Extension Configuration should create transfer fee config correctly","status":"passed","title":"should create transfer fee config correctly","duration":0.09854200000063429,"failureMessages":[],"meta":{}},{"ancestorTitles":["Token-2022 Extensions","Extension Configuration"],"fullName":"Token-2022 Extensions Extension Configuration should create interest bearing config correctly","status":"passed","title":"should create interest bearing config correctly","duration":0.10270799999943847,"failureMessages":[],"meta":{}},{"ancestorTitles":["Token-2022 Extensions","Extension Configuration"],"fullName":"Token-2022 Extensions Extension Configuration should validate transfer fee basis points","status":"passed","title":"should validate transfer fee basis points","duration":0.3199159999994663,"failureMessages":[],"meta":{}},{"ancestorTitles":["Token-2022 Extensions","Extension Configuration"],"fullName":"Token-2022 Extensions Extension Configuration should validate interest rate range","status":"passed","title":"should validate interest rate range","duration":0.07920800000010786,"failureMessages":[],"meta":{}},{"ancestorTitles":["Token-2022 Extensions","Extension Parsing"],"fullName":"Token-2022 Extensions Extension Parsing should parse transfer fee extension correctly","status":"passed","title":"should parse transfer fee extension correctly","duration":0.06570800000008603,"failureMessages":[],"meta":{}},{"ancestorTitles":["Token-2022 Extensions","Extension Parsing"],"fullName":"Token-2022 Extensions Extension Parsing should parse interest bearing extension correctly","status":"passed","title":"should parse interest bearing extension correctly","duration":0.04308300000047893,"failureMessages":[],"meta":{}},{"ancestorTitles":["Token-2022 Extensions","Extension Parsing"],"fullName":"Token-2022 Extensions Extension Parsing should handle unknown extension types","status":"passed","title":"should handle unknown extension types","duration":0.04358400000000984,"failureMessages":[],"meta":{}},{"ancestorTitles":["Token-2022 Extensions","Extension Parsing"],"fullName":"Token-2022 Extensions Extension Parsing should validate extension data length","status":"passed","title":"should validate extension data length","duration":0.04379200000039418,"failureMessages":[],"meta":{}},{"ancestorTitles":["Token-2022 Extensions","Real-world Scenarios"],"fullName":"Token-2022 Extensions Real-world Scenarios should handle marketplace transaction with transfer fees","status":"passed","title":"should handle marketplace transaction with transfer fees","duration":0.04583300000012969,"failureMessages":[],"meta":{}},{"ancestorTitles":["Token-2022 Extensions","Real-world Scenarios"],"fullName":"Token-2022 Extensions Real-world Scenarios should handle staking rewards with interest-bearing tokens","status":"passed","title":"should handle staking rewards with interest-bearing tokens","duration":0.04475000000002183,"failureMessages":[],"meta":{}}],"startTime":1753571777974,"endTime":1753571777976.3198,"status":"passed","message":"","name":"/Users/michelleeidschun/ghostspeak-1/packages/sdk-typescript/tests/unit/utils/token-2022-extensions.test.ts"},{"assertionResults":[],"startTime":1753571773724,"endTime":1753571773724,"status":"failed","message":"Cannot find module '../../src/utils/token-2022-cpi-enhanced' imported from '/Users/michelleeidschun/ghostspeak-1/packages/sdk-typescript/tests/unit/utils/token-2022-integration.test.ts'","name":"/Users/michelleeidschun/ghostspeak-1/packages/sdk-typescript/tests/unit/utils/token-2022-integration.test.ts"},{"assertionResults":[],"startTime":1753571773724,"endTime":1753571773724,"status":"failed","message":"Cannot find module '../../src/client/instructions/Token2022Instructions' imported from '/Users/michelleeidschun/ghostspeak-1/packages/sdk-typescript/tests/unit/utils/token-2022-operations.test.ts'","name":"/Users/michelleeidschun/ghostspeak-1/packages/sdk-typescript/tests/unit/utils/token-2022-operations.test.ts"},{"assertionResults":[],"startTime":1753571773724,"endTime":1753571773724,"status":"failed","message":"Cannot find module '../../src/utils/token-2022-rpc' imported from '/Users/michelleeidschun/ghostspeak-1/packages/sdk-typescript/tests/unit/utils/token-2022-rpc.test.ts'","name":"/Users/michelleeidschun/ghostspeak-1/packages/sdk-typescript/tests/unit/utils/token-2022-rpc.test.ts"},{"assertionResults":[],"startTime":1753571773724,"endTime":1753571773724,"status":"failed","message":"Cannot find module '../../src/utils/token-utils.js' imported from '/Users/michelleeidschun/ghostspeak-1/packages/sdk-typescript/tests/unit/utils/token-2022-utils.test.ts'","name":"/Users/michelleeidschun/ghostspeak-1/packages/sdk-typescript/tests/unit/utils/token-2022-utils.test.ts"},{"assertionResults":[],"startTime":1753571773724,"endTime":1753571773724,"status":"failed","message":"Cannot find module '../../src/utils/format' imported from '/Users/michelleeidschun/ghostspeak-1/packages/sdk-typescript/tests/unit/utils/utils.test.ts'","name":"/Users/michelleeidschun/ghostspeak-1/packages/sdk-typescript/tests/unit/utils/utils.test.ts"}]}